{"/home/travis/build/npmtest/node-npmtest-pm2-gui/test.js":{"path":"/home/travis/build/npmtest/node-npmtest-pm2-gui/test.js","s":{"1":2,"2":2,"3":2,"4":2,"5":2,"6":2,"7":2,"8":1,"9":2,"10":2,"11":1,"12":1,"13":1,"14":1,"15":2,"16":2,"17":2,"18":2,"19":1,"20":1,"21":2,"22":2,"23":2,"24":1,"25":1,"26":1,"27":1,"28":1,"29":1,"30":1,"31":1,"32":1,"33":1,"34":1,"35":1,"36":1,"37":2,"38":2,"39":1,"40":2,"41":2,"42":1,"43":2,"44":2,"45":1,"46":2,"47":2,"48":1,"49":1,"50":1,"51":1,"52":1},"b":{"1":[2,1,1,1],"2":[1,1,1,1],"3":[1,1],"4":[1,1],"5":[1,1],"6":[1,1],"7":[1,1],"8":[1,1],"9":[1,1,1],"10":[1,1],"11":[1,1],"12":[1,1],"13":[1,1],"14":[1,1],"15":[1,1],"16":[1,1]},"f":{"1":2,"2":2,"3":2,"4":2,"5":2,"6":1,"7":1,"8":2,"9":2,"10":2,"11":2,"12":1},"fnMap":{"1":{"name":"(anonymous_1)","line":12,"loc":{"start":{"line":12,"column":1},"end":{"line":12,"column":13}}},"2":{"name":"(anonymous_2)","line":19,"loc":{"start":{"line":19,"column":5},"end":{"line":19,"column":17}}},"3":{"name":"(anonymous_3)","line":23,"loc":{"start":{"line":23,"column":24},"end":{"line":23,"column":36}}},"4":{"name":"(anonymous_4)","line":61,"loc":{"start":{"line":61,"column":5},"end":{"line":61,"column":17}}},"5":{"name":"(anonymous_5)","line":82,"loc":{"start":{"line":82,"column":5},"end":{"line":82,"column":17}}},"6":{"name":"(anonymous_6)","line":102,"loc":{"start":{"line":102,"column":83},"end":{"line":105,"column":10}},"skip":true},"7":{"name":"(anonymous_7)","line":113,"loc":{"start":{"line":113,"column":77},"end":{"line":116,"column":10}},"skip":true},"8":{"name":"(anonymous_8)","line":129,"loc":{"start":{"line":129,"column":12},"end":{"line":129,"column":40}},"skip":true},"9":{"name":"(anonymous_9)","line":137,"loc":{"start":{"line":137,"column":77},"end":{"line":140,"column":10}},"skip":true},"10":{"name":"(anonymous_10)","line":148,"loc":{"start":{"line":148,"column":83},"end":{"line":151,"column":10}},"skip":true},"11":{"name":"(anonymous_11)","line":159,"loc":{"start":{"line":159,"column":79},"end":{"line":162,"column":10}},"skip":true},"12":{"name":"(anonymous_12)","line":170,"loc":{"start":{"line":170,"column":75},"end":{"line":173,"column":10}},"skip":true}},"statementMap":{"1":{"start":{"line":12,"column":0},"end":{"line":185,"column":5}},"2":{"start":{"line":14,"column":4},"end":{"line":14,"column":14}},"3":{"start":{"line":19,"column":4},"end":{"line":56,"column":9}},"4":{"start":{"line":21,"column":8},"end":{"line":21,"column":19}},"5":{"start":{"line":23,"column":8},"end":{"line":35,"column":13}},"6":{"start":{"line":24,"column":12},"end":{"line":34,"column":13}},"7":{"start":{"line":25,"column":16},"end":{"line":28,"column":30}},"8":{"start":{"line":30,"column":16},"end":{"line":33,"column":27}},"9":{"start":{"line":37,"column":8},"end":{"line":39,"column":21}},"10":{"start":{"line":40,"column":8},"end":{"line":53,"column":9}},"11":{"start":{"line":43,"column":12},"end":{"line":46,"column":14}},"12":{"start":{"line":47,"column":12},"end":{"line":47,"column":18}},"13":{"start":{"line":50,"column":12},"end":{"line":51,"column":46}},"14":{"start":{"line":52,"column":12},"end":{"line":52,"column":18}},"15":{"start":{"line":55,"column":8},"end":{"line":55,"column":35}},"16":{"start":{"line":61,"column":4},"end":{"line":63,"column":9}},"17":{"start":{"line":62,"column":8},"end":{"line":62,"column":15}},"18":{"start":{"line":64,"column":4},"end":{"line":77,"column":5}},"19":{"start":{"line":70,"column":8},"end":{"line":70,"column":14}},"20":{"start":{"line":76,"column":8},"end":{"line":76,"column":14}},"21":{"start":{"line":82,"column":4},"end":{"line":84,"column":9}},"22":{"start":{"line":83,"column":8},"end":{"line":83,"column":15}},"23":{"start":{"line":85,"column":4},"end":{"line":184,"column":5}},"24":{"start":{"line":92,"column":8},"end":{"line":94,"column":63}},"25":{"start":{"line":95,"column":8},"end":{"line":95,"column":14}},"26":{"start":{"line":102,"column":8},"end":{"line":111,"column":10},"skip":true},"27":{"start":{"line":109,"column":12},"end":{"line":109,"column":55},"skip":true},"28":{"start":{"line":110,"column":12},"end":{"line":110,"column":48},"skip":true},"29":{"start":{"line":113,"column":8},"end":{"line":126,"column":10},"skip":true},"30":{"start":{"line":120,"column":12},"end":{"line":120,"column":76},"skip":true},"31":{"start":{"line":121,"column":12},"end":{"line":121,"column":73},"skip":true},"32":{"start":{"line":122,"column":12},"end":{"line":122,"column":74},"skip":true},"33":{"start":{"line":123,"column":12},"end":{"line":123,"column":79},"skip":true},"34":{"start":{"line":124,"column":12},"end":{"line":124,"column":25},"skip":true},"35":{"start":{"line":125,"column":12},"end":{"line":125,"column":45},"skip":true},"36":{"start":{"line":128,"column":8},"end":{"line":135,"column":14},"skip":true},"37":{"start":{"line":133,"column":16},"end":{"line":133,"column":29},"skip":true},"38":{"start":{"line":134,"column":16},"end":{"line":134,"column":55},"skip":true},"39":{"start":{"line":137,"column":8},"end":{"line":146,"column":10},"skip":true},"40":{"start":{"line":144,"column":12},"end":{"line":144,"column":25},"skip":true},"41":{"start":{"line":145,"column":12},"end":{"line":145,"column":45},"skip":true},"42":{"start":{"line":148,"column":8},"end":{"line":157,"column":10},"skip":true},"43":{"start":{"line":155,"column":12},"end":{"line":155,"column":25},"skip":true},"44":{"start":{"line":156,"column":12},"end":{"line":156,"column":48},"skip":true},"45":{"start":{"line":159,"column":8},"end":{"line":168,"column":10},"skip":true},"46":{"start":{"line":166,"column":12},"end":{"line":166,"column":25},"skip":true},"47":{"start":{"line":167,"column":12},"end":{"line":167,"column":46},"skip":true},"48":{"start":{"line":170,"column":8},"end":{"line":179,"column":10},"skip":true},"49":{"start":{"line":177,"column":12},"end":{"line":177,"column":94},"skip":true},"50":{"start":{"line":178,"column":12},"end":{"line":178,"column":48},"skip":true},"51":{"start":{"line":182,"column":8},"end":{"line":182,"column":35},"skip":true},"52":{"start":{"line":183,"column":8},"end":{"line":183,"column":14},"skip":true}},"branchMap":{"1":{"line":25,"type":"binary-expr","locations":[{"start":{"line":25,"column":23},"end":{"line":25,"column":62}},{"start":{"line":26,"column":20},"end":{"line":26,"column":70}},{"start":{"line":27,"column":20},"end":{"line":27,"column":71}},{"start":{"line":28,"column":20},"end":{"line":28,"column":29}}]},"2":{"line":30,"type":"binary-expr","locations":[{"start":{"line":30,"column":23},"end":{"line":30,"column":37}},{"start":{"line":31,"column":20},"end":{"line":31,"column":61}},{"start":{"line":32,"column":20},"end":{"line":32,"column":70}},{"start":{"line":33,"column":20},"end":{"line":33,"column":26}}]},"3":{"line":37,"type":"cond-expr","locations":[{"start":{"line":38,"column":14},"end":{"line":38,"column":20}},{"start":{"line":39,"column":14},"end":{"line":39,"column":20}}]},"4":{"line":40,"type":"switch","locations":[{"start":{"line":42,"column":8},"end":{"line":47,"column":18}},{"start":{"line":49,"column":8},"end":{"line":52,"column":18}}]},"5":{"line":44,"type":"binary-expr","locations":[{"start":{"line":44,"column":16},"end":{"line":44,"column":44}},{"start":{"line":44,"column":48},"end":{"line":44,"column":66}}]},"6":{"line":50,"type":"binary-expr","locations":[{"start":{"line":50,"column":21},"end":{"line":50,"column":49}},{"start":{"line":50,"column":53},"end":{"line":50,"column":72}}]},"7":{"line":64,"type":"switch","locations":[{"start":{"line":69,"column":4},"end":{"line":70,"column":14}},{"start":{"line":75,"column":4},"end":{"line":76,"column":14}}]},"8":{"line":85,"type":"switch","locations":[{"start":{"line":90,"column":4},"end":{"line":95,"column":14}},{"start":{"line":101,"column":4},"end":{"line":183,"column":14},"skip":true}]},"9":{"line":92,"type":"binary-expr","locations":[{"start":{"line":92,"column":18},"end":{"line":92,"column":32}},{"start":{"line":93,"column":12},"end":{"line":93,"column":53}},{"start":{"line":94,"column":12},"end":{"line":94,"column":61}}]},"10":{"line":102,"type":"binary-expr","locations":[{"start":{"line":102,"column":45},"end":{"line":102,"column":79},"skip":true},{"start":{"line":102,"column":83},"end":{"line":111,"column":9},"skip":true}]},"11":{"line":113,"type":"binary-expr","locations":[{"start":{"line":113,"column":42},"end":{"line":113,"column":73},"skip":true},{"start":{"line":113,"column":77},"end":{"line":126,"column":9},"skip":true}]},"12":{"line":128,"type":"binary-expr","locations":[{"start":{"line":128,"column":48},"end":{"line":128,"column":85},"skip":true},{"start":{"line":129,"column":12},"end":{"line":135,"column":13},"skip":true}]},"13":{"line":137,"type":"binary-expr","locations":[{"start":{"line":137,"column":42},"end":{"line":137,"column":73},"skip":true},{"start":{"line":137,"column":77},"end":{"line":146,"column":9},"skip":true}]},"14":{"line":148,"type":"binary-expr","locations":[{"start":{"line":148,"column":45},"end":{"line":148,"column":79},"skip":true},{"start":{"line":148,"column":83},"end":{"line":157,"column":9},"skip":true}]},"15":{"line":159,"type":"binary-expr","locations":[{"start":{"line":159,"column":43},"end":{"line":159,"column":75},"skip":true},{"start":{"line":159,"column":79},"end":{"line":168,"column":9},"skip":true}]},"16":{"line":170,"type":"binary-expr","locations":[{"start":{"line":170,"column":41},"end":{"line":170,"column":71},"skip":true},{"start":{"line":170,"column":75},"end":{"line":179,"column":9},"skip":true}]}},"code":["/* istanbul instrument in package npmtest_pm2_gui */","/*jslint","    bitwise: true,","    browser: true,","    maxerr: 8,","    maxlen: 96,","    node: true,","    nomen: true,","    regexp: true,","    stupid: true","*/","(function () {","    'use strict';","    var local;","","","","    // run shared js-env code - pre-init","    (function () {","        // init local","        local = {};","        // init modeJs","        local.modeJs = (function () {","            try {","                return typeof navigator.userAgent === 'string' &&","                    typeof document.querySelector('body') === 'object' &&","                    typeof XMLHttpRequest.prototype.open === 'function' &&","                    'browser';","            } catch (errorCaughtBrowser) {","                return module.exports &&","                    typeof process.versions.node === 'string' &&","                    typeof require('http').createServer === 'function' &&","                    'node';","            }","        }());","        // init global","        local.global = local.modeJs === 'browser'","            ? window","            : global;","        switch (local.modeJs) {","        // re-init local from window.local","        case 'browser':","            local = local.global.utility2.objectSetDefault(","                local.global.utility2_rollup || local.global.local,","                local.global.utility2","            );","            break;","        // re-init local from example.js","        case 'node':","            local = (local.global.utility2_rollup || require('utility2'))","                .requireExampleJsFromReadme();","            break;","        }","        // export local","        local.global.local = local;","    }());","","","","    // run shared js-env code - function","    (function () {","        return;","    }());","    switch (local.modeJs) {","","","","    // run browser js-env code - function","    case 'browser':","        break;","","","","    // run node js-env code - function","    case 'node':","        break;","    }","","","","    // run shared js-env code - post-init","    (function () {","        return;","    }());","    switch (local.modeJs) {","","","","    // run browser js-env code - post-init","    case 'browser':","        // run tests","        local.nop(local.modeTest &&","            document.querySelector('#testRunButton1') &&","            document.querySelector('#testRunButton1').click());","        break;","","","","    // run node js-env code - post-init","    /* istanbul ignore next */","    case 'node':","        local.testCase_buildApidoc_default = local.testCase_buildApidoc_default || function (","            options,","            onError","        ) {","        /*","         * this function will test buildApidoc's default handling-behavior-behavior","         */","            options = { modulePathList: module.paths };","            local.buildApidoc(options, onError);","        };","","        local.testCase_buildApp_default = local.testCase_buildApp_default || function (","            options,","            onError","        ) {","        /*","         * this function will test buildApp's default handling-behavior-behavior","         */","            local.testCase_buildReadme_default(options, local.onErrorThrow);","            local.testCase_buildLib_default(options, local.onErrorThrow);","            local.testCase_buildTest_default(options, local.onErrorThrow);","            local.testCase_buildCustomOrg_default(options, local.onErrorThrow);","            options = [];","            local.buildApp(options, onError);","        };","","        local.testCase_buildCustomOrg_default = local.testCase_buildCustomOrg_default ||","            function (options, onError) {","            /*","             * this function will test buildCustomOrg's default handling-behavior","             */","                options = {};","                local.buildCustomOrg(options, onError);","            };","","        local.testCase_buildLib_default = local.testCase_buildLib_default || function (","            options,","            onError","        ) {","        /*","         * this function will test buildLib's default handling-behavior","         */","            options = {};","            local.buildLib(options, onError);","        };","","        local.testCase_buildReadme_default = local.testCase_buildReadme_default || function (","            options,","            onError","        ) {","        /*","         * this function will test buildReadme's default handling-behavior-behavior","         */","            options = {};","            local.buildReadme(options, onError);","        };","","        local.testCase_buildTest_default = local.testCase_buildTest_default || function (","            options,","            onError","        ) {","        /*","         * this function will test buildTest's default handling-behavior","         */","            options = {};","            local.buildTest(options, onError);","        };","","        local.testCase_webpage_default = local.testCase_webpage_default || function (","            options,","            onError","        ) {","        /*","         * this function will test webpage's default handling-behavior","         */","            options = { modeCoverageMerge: true, url: local.serverLocalHost + '?modeTest=1' };","            local.browserTest(options, onError);","        };","","        // run test-server","        local.testRunServer(local);","        break;","    }","}());",""],"l":{"12":2,"14":2,"19":2,"21":2,"23":2,"24":2,"25":2,"30":1,"37":2,"40":2,"43":1,"47":1,"50":1,"52":1,"55":2,"61":2,"62":2,"64":2,"70":1,"76":1,"82":2,"83":2,"85":2,"92":1,"95":1,"102":1,"109":1,"110":1,"113":1,"120":1,"121":1,"122":1,"123":1,"124":1,"125":1,"128":1,"133":2,"134":2,"137":1,"144":2,"145":2,"148":1,"155":2,"156":2,"159":1,"166":2,"167":2,"170":1,"177":1,"178":1,"182":1,"183":1}},"/home/travis/build/npmtest/node-npmtest-pm2-gui/lib.npmtest_pm2_gui.js":{"path":"/home/travis/build/npmtest/node-npmtest-pm2-gui/lib.npmtest_pm2_gui.js","s":{"1":2,"2":2,"3":2,"4":2,"5":2,"6":2,"7":2,"8":1,"9":2,"10":2,"11":2,"12":2,"13":1,"14":1,"15":1,"16":1},"b":{"1":[2,1,1,1],"2":[1,1,1,1],"3":[1,1],"4":[2,2],"5":[1,1]},"f":{"1":2,"2":2,"3":2},"fnMap":{"1":{"name":"(anonymous_1)","line":12,"loc":{"start":{"line":12,"column":1},"end":{"line":12,"column":13}}},"2":{"name":"(anonymous_2)","line":19,"loc":{"start":{"line":19,"column":5},"end":{"line":19,"column":17}}},"3":{"name":"(anonymous_3)","line":23,"loc":{"start":{"line":23,"column":24},"end":{"line":23,"column":36}}}},"statementMap":{"1":{"start":{"line":12,"column":0},"end":{"line":53,"column":5}},"2":{"start":{"line":14,"column":4},"end":{"line":14,"column":14}},"3":{"start":{"line":19,"column":4},"end":{"line":52,"column":9}},"4":{"start":{"line":21,"column":8},"end":{"line":21,"column":19}},"5":{"start":{"line":23,"column":8},"end":{"line":35,"column":13}},"6":{"start":{"line":24,"column":12},"end":{"line":34,"column":13}},"7":{"start":{"line":25,"column":16},"end":{"line":28,"column":30}},"8":{"start":{"line":30,"column":16},"end":{"line":33,"column":27}},"9":{"start":{"line":37,"column":8},"end":{"line":39,"column":21}},"10":{"start":{"line":41,"column":8},"end":{"line":41,"column":54}},"11":{"start":{"line":43,"column":8},"end":{"line":43,"column":52}},"12":{"start":{"line":45,"column":8},"end":{"line":51,"column":9}},"13":{"start":{"line":46,"column":12},"end":{"line":46,"column":58}},"14":{"start":{"line":48,"column":12},"end":{"line":48,"column":35}},"15":{"start":{"line":49,"column":12},"end":{"line":49,"column":49}},"16":{"start":{"line":50,"column":12},"end":{"line":50,"column":43}}},"branchMap":{"1":{"line":25,"type":"binary-expr","locations":[{"start":{"line":25,"column":23},"end":{"line":25,"column":62}},{"start":{"line":26,"column":20},"end":{"line":26,"column":70}},{"start":{"line":27,"column":20},"end":{"line":27,"column":71}},{"start":{"line":28,"column":20},"end":{"line":28,"column":29}}]},"2":{"line":30,"type":"binary-expr","locations":[{"start":{"line":30,"column":23},"end":{"line":30,"column":37}},{"start":{"line":31,"column":20},"end":{"line":31,"column":61}},{"start":{"line":32,"column":20},"end":{"line":32,"column":70}},{"start":{"line":33,"column":20},"end":{"line":33,"column":26}}]},"3":{"line":37,"type":"cond-expr","locations":[{"start":{"line":38,"column":14},"end":{"line":38,"column":20}},{"start":{"line":39,"column":14},"end":{"line":39,"column":20}}]},"4":{"line":41,"type":"binary-expr","locations":[{"start":{"line":41,"column":16},"end":{"line":41,"column":44}},{"start":{"line":41,"column":48},"end":{"line":41,"column":53}}]},"5":{"line":45,"type":"if","locations":[{"start":{"line":45,"column":8},"end":{"line":45,"column":8}},{"start":{"line":45,"column":8},"end":{"line":45,"column":8}}]}},"code":["/* istanbul instrument in package npmtest_pm2_gui */","/*jslint","    bitwise: true,","    browser: true,","    maxerr: 8,","    maxlen: 96,","    node: true,","    nomen: true,","    regexp: true,","    stupid: true","*/","(function () {","    'use strict';","    var local;","","","","    // run shared js-env code - pre-init","    (function () {","        // init local","        local = {};","        // init modeJs","        local.modeJs = (function () {","            try {","                return typeof navigator.userAgent === 'string' &&","                    typeof document.querySelector('body') === 'object' &&","                    typeof XMLHttpRequest.prototype.open === 'function' &&","                    'browser';","            } catch (errorCaughtBrowser) {","                return module.exports &&","                    typeof process.versions.node === 'string' &&","                    typeof require('http').createServer === 'function' &&","                    'node';","            }","        }());","        // init global","        local.global = local.modeJs === 'browser'","            ? window","            : global;","        // init utility2_rollup","        local = local.global.utility2_rollup || local;","        // init lib","        local.local = local.npmtest_pm2_gui = local;","        // init exports","        if (local.modeJs === 'browser') {","            local.global.utility2_npmtest_pm2_gui = local;","        } else {","            module.exports = local;","            module.exports.__dirname = __dirname;","            module.exports.module = module;","        }","    }());","}());",""],"l":{"12":2,"14":2,"19":2,"21":2,"23":2,"24":2,"25":2,"30":1,"37":2,"41":2,"43":2,"45":2,"46":1,"48":1,"49":1,"50":1}},"/home/travis/build/npmtest/node-npmtest-pm2-gui/example.js":{"path":"/home/travis/build/npmtest/node-npmtest-pm2-gui/example.js","s":{"1":2,"2":2,"3":2,"4":2,"5":2,"6":2,"7":2,"8":1,"9":2,"10":2,"11":2,"12":2,"13":1,"14":2,"15":2,"16":2,"17":2,"18":2,"19":0,"20":2,"21":1,"22":1,"23":1,"24":1,"25":1,"26":0,"27":0,"28":1,"29":1,"30":2,"31":0,"32":0,"33":0,"34":1,"35":2,"36":2,"37":2,"38":2,"39":2,"40":2,"41":0,"42":2,"43":2,"44":2,"45":1,"46":3,"47":1,"48":1,"49":1,"50":1,"51":1,"52":1,"53":1,"54":1,"55":1,"56":1,"57":0,"58":1,"59":6,"60":6,"61":1,"62":2,"63":0,"64":2,"65":1,"66":1,"67":0,"68":0,"69":0,"70":0,"71":0,"72":0,"73":0,"74":0,"75":0,"76":0,"77":0,"78":0,"79":0,"80":0,"81":0,"82":0,"83":0},"b":{"1":[2,1,1,1],"2":[1,1,1,1],"3":[1,1],"4":[2,2],"5":[1,1],"6":[1,1],"7":[2,0],"8":[2,1,1,1,1,1],"9":[0,2,0],"10":[1,1],"11":[2,1,1],"12":[1,0],"13":[0,2],"14":[2,0,0,0,0,0,0],"15":[0,2],"16":[2,0],"17":[1,1],"18":[0,1],"19":[1,2,0,2],"20":[1,0],"21":[1,1],"22":[0,0],"23":[0,0],"24":[0,0],"25":[0,0],"26":[0,0],"27":[0,0],"28":[0,0]},"f":{"1":2,"2":2,"3":2,"4":2,"5":2,"6":2,"7":2,"8":2,"9":3,"10":1,"11":6,"12":0},"fnMap":{"1":{"name":"(anonymous_1)","line":26,"loc":{"start":{"line":26,"column":1},"end":{"line":26,"column":13}}},"2":{"name":"(anonymous_2)","line":33,"loc":{"start":{"line":33,"column":5},"end":{"line":33,"column":17}}},"3":{"name":"(anonymous_3)","line":37,"loc":{"start":{"line":37,"column":24},"end":{"line":37,"column":36}}},"4":{"name":"(anonymous_4)","line":69,"loc":{"start":{"line":69,"column":31},"end":{"line":69,"column":48}},"skip":true},"5":{"name":"(anonymous_5)","line":78,"loc":{"start":{"line":78,"column":26},"end":{"line":78,"column":45}},"skip":true},"6":{"name":"(anonymous_6)","line":123,"loc":{"start":{"line":123,"column":33},"end":{"line":123,"column":48}},"skip":true},"7":{"name":"(anonymous_7)","line":125,"loc":{"start":{"line":125,"column":27},"end":{"line":125,"column":39}},"skip":true},"8":{"name":"(anonymous_8)","line":133,"loc":{"start":{"line":133,"column":59},"end":{"line":133,"column":74}},"skip":true},"9":{"name":"(anonymous_9)","line":143,"loc":{"start":{"line":143,"column":45},"end":{"line":143,"column":62}},"skip":true},"10":{"name":"(anonymous_10)","line":144,"loc":{"start":{"line":144,"column":73},"end":{"line":144,"column":92}},"skip":true},"11":{"name":"(anonymous_11)","line":272,"loc":{"start":{"line":272,"column":51},"end":{"line":272,"column":77}},"skip":true},"12":{"name":"(anonymous_12)","line":314,"loc":{"start":{"line":314,"column":32},"end":{"line":314,"column":61}},"skip":true}},"statementMap":{"1":{"start":{"line":26,"column":0},"end":{"line":325,"column":5}},"2":{"start":{"line":28,"column":4},"end":{"line":28,"column":14}},"3":{"start":{"line":33,"column":4},"end":{"line":60,"column":9}},"4":{"start":{"line":35,"column":8},"end":{"line":35,"column":19}},"5":{"start":{"line":37,"column":8},"end":{"line":49,"column":13}},"6":{"start":{"line":38,"column":12},"end":{"line":48,"column":13}},"7":{"start":{"line":39,"column":16},"end":{"line":42,"column":30}},"8":{"start":{"line":44,"column":16},"end":{"line":47,"column":27}},"9":{"start":{"line":51,"column":8},"end":{"line":53,"column":21}},"10":{"start":{"line":55,"column":8},"end":{"line":57,"column":45}},"11":{"start":{"line":59,"column":8},"end":{"line":59,"column":35}},"12":{"start":{"line":61,"column":4},"end":{"line":324,"column":5}},"13":{"start":{"line":69,"column":8},"end":{"line":121,"column":10},"skip":true},"14":{"start":{"line":70,"column":12},"end":{"line":88,"column":13},"skip":true},"15":{"start":{"line":76,"column":16},"end":{"line":87,"column":19},"skip":true},"16":{"start":{"line":79,"column":20},"end":{"line":86,"column":21},"skip":true},"17":{"start":{"line":82,"column":24},"end":{"line":82,"column":43},"skip":true},"18":{"start":{"line":83,"column":24},"end":{"line":83,"column":30},"skip":true},"19":{"start":{"line":85,"column":24},"end":{"line":85,"column":49},"skip":true},"20":{"start":{"line":89,"column":12},"end":{"line":107,"column":13},"skip":true},"21":{"start":{"line":92,"column":16},"end":{"line":102,"column":17},"skip":true},"22":{"start":{"line":93,"column":20},"end":{"line":93,"column":86},"skip":true},"23":{"start":{"line":94,"column":20},"end":{"line":95,"column":45},"skip":true},"24":{"start":{"line":96,"column":20},"end":{"line":96,"column":42},"skip":true},"25":{"start":{"line":97,"column":20},"end":{"line":97,"column":48},"skip":true},"26":{"start":{"line":100,"column":20},"end":{"line":100,"column":85},"skip":true},"27":{"start":{"line":101,"column":20},"end":{"line":101,"column":96},"skip":true},"28":{"start":{"line":103,"column":16},"end":{"line":103,"column":22},"skip":true},"29":{"start":{"line":106,"column":16},"end":{"line":106,"column":22},"skip":true},"30":{"start":{"line":108,"column":12},"end":{"line":120,"column":13},"skip":true},"31":{"start":{"line":114,"column":16},"end":{"line":119,"column":17},"skip":true},"32":{"start":{"line":116,"column":20},"end":{"line":116,"column":78},"skip":true},"33":{"start":{"line":118,"column":20},"end":{"line":118,"column":53},"skip":true},"34":{"start":{"line":123,"column":8},"end":{"line":141,"column":11},"skip":true},"35":{"start":{"line":124,"column":12},"end":{"line":124,"column":54},"skip":true},"36":{"start":{"line":125,"column":12},"end":{"line":140,"column":14},"skip":true},"37":{"start":{"line":126,"column":16},"end":{"line":126,"column":28},"skip":true},"38":{"start":{"line":127,"column":16},"end":{"line":127,"column":69},"skip":true},"39":{"start":{"line":128,"column":16},"end":{"line":128,"column":75},"skip":true},"40":{"start":{"line":129,"column":16},"end":{"line":131,"column":17},"skip":true},"41":{"start":{"line":130,"column":20},"end":{"line":130,"column":27},"skip":true},"42":{"start":{"line":133,"column":16},"end":{"line":137,"column":36},"skip":true},"43":{"start":{"line":134,"column":20},"end":{"line":136,"column":55},"skip":true},"44":{"start":{"line":139,"column":16},"end":{"line":139,"column":57},"skip":true},"45":{"start":{"line":143,"column":8},"end":{"line":147,"column":11},"skip":true},"46":{"start":{"line":144,"column":12},"end":{"line":146,"column":15},"skip":true},"47":{"start":{"line":145,"column":16},"end":{"line":145,"column":70},"skip":true},"48":{"start":{"line":149,"column":8},"end":{"line":149,"column":31},"skip":true},"49":{"start":{"line":150,"column":8},"end":{"line":150,"column":14},"skip":true},"50":{"start":{"line":158,"column":8},"end":{"line":158,"column":31},"skip":true},"51":{"start":{"line":160,"column":8},"end":{"line":160,"column":33},"skip":true},"52":{"start":{"line":161,"column":8},"end":{"line":161,"column":37},"skip":true},"53":{"start":{"line":162,"column":8},"end":{"line":162,"column":35},"skip":true},"54":{"start":{"line":164,"column":8},"end":{"line":164,"column":50},"skip":true},"55":{"start":{"line":166,"column":8},"end":{"line":256,"column":2},"skip":true},"56":{"start":{"line":258,"column":8},"end":{"line":286,"column":9},"skip":true},"57":{"start":{"line":259,"column":12},"end":{"line":269,"column":14},"skip":true},"58":{"start":{"line":271,"column":12},"end":{"line":285,"column":19},"skip":true},"59":{"start":{"line":274,"column":20},"end":{"line":274,"column":35},"skip":true},"60":{"start":{"line":275,"column":20},"end":{"line":284,"column":21},"skip":true},"61":{"start":{"line":277,"column":24},"end":{"line":277,"column":64},"skip":true},"62":{"start":{"line":279,"column":24},"end":{"line":279,"column":40},"skip":true},"63":{"start":{"line":281,"column":24},"end":{"line":281,"column":40},"skip":true},"64":{"start":{"line":283,"column":24},"end":{"line":283,"column":39},"skip":true},"65":{"start":{"line":288,"column":8},"end":{"line":290,"column":9},"skip":true},"66":{"start":{"line":289,"column":12},"end":{"line":289,"column":18},"skip":true},"67":{"start":{"line":291,"column":8},"end":{"line":293,"column":54},"skip":true},"68":{"start":{"line":294,"column":8},"end":{"line":301,"column":37},"skip":true},"69":{"start":{"line":302,"column":8},"end":{"line":302,"column":82},"skip":true},"70":{"start":{"line":305,"column":8},"end":{"line":307,"column":9},"skip":true},"71":{"start":{"line":306,"column":12},"end":{"line":306,"column":82},"skip":true},"72":{"start":{"line":309,"column":8},"end":{"line":311,"column":9},"skip":true},"73":{"start":{"line":310,"column":12},"end":{"line":310,"column":18},"skip":true},"74":{"start":{"line":312,"column":8},"end":{"line":312,"column":54},"skip":true},"75":{"start":{"line":313,"column":8},"end":{"line":313,"column":69},"skip":true},"76":{"start":{"line":314,"column":8},"end":{"line":322,"column":36},"skip":true},"77":{"start":{"line":315,"column":12},"end":{"line":315,"column":61},"skip":true},"78":{"start":{"line":316,"column":12},"end":{"line":319,"column":13},"skip":true},"79":{"start":{"line":317,"column":16},"end":{"line":317,"column":75},"skip":true},"80":{"start":{"line":318,"column":16},"end":{"line":318,"column":23},"skip":true},"81":{"start":{"line":320,"column":12},"end":{"line":320,"column":38},"skip":true},"82":{"start":{"line":321,"column":12},"end":{"line":321,"column":27},"skip":true},"83":{"start":{"line":323,"column":8},"end":{"line":323,"column":14},"skip":true}},"branchMap":{"1":{"line":39,"type":"binary-expr","locations":[{"start":{"line":39,"column":23},"end":{"line":39,"column":62}},{"start":{"line":40,"column":20},"end":{"line":40,"column":70}},{"start":{"line":41,"column":20},"end":{"line":41,"column":71}},{"start":{"line":42,"column":20},"end":{"line":42,"column":29}}]},"2":{"line":44,"type":"binary-expr","locations":[{"start":{"line":44,"column":23},"end":{"line":44,"column":37}},{"start":{"line":45,"column":20},"end":{"line":45,"column":61}},{"start":{"line":46,"column":20},"end":{"line":46,"column":70}},{"start":{"line":47,"column":20},"end":{"line":47,"column":26}}]},"3":{"line":51,"type":"cond-expr","locations":[{"start":{"line":52,"column":14},"end":{"line":52,"column":20}},{"start":{"line":53,"column":14},"end":{"line":53,"column":20}}]},"4":{"line":55,"type":"binary-expr","locations":[{"start":{"line":55,"column":16},"end":{"line":55,"column":44}},{"start":{"line":55,"column":49},"end":{"line":57,"column":43}}]},"5":{"line":55,"type":"cond-expr","locations":[{"start":{"line":56,"column":14},"end":{"line":56,"column":51}},{"start":{"line":57,"column":14},"end":{"line":57,"column":43}}]},"6":{"line":61,"type":"switch","locations":[{"start":{"line":68,"column":4},"end":{"line":150,"column":14},"skip":true},{"start":{"line":156,"column":4},"end":{"line":323,"column":14},"skip":true}]},"7":{"line":70,"type":"if","locations":[{"start":{"line":70,"column":12},"end":{"line":70,"column":12},"skip":true},{"start":{"line":70,"column":12},"end":{"line":70,"column":12},"skip":true}]},"8":{"line":70,"type":"binary-expr","locations":[{"start":{"line":70,"column":16},"end":{"line":70,"column":22},"skip":true},{"start":{"line":70,"column":27},"end":{"line":70,"column":32},"skip":true},{"start":{"line":71,"column":20},"end":{"line":71,"column":39},"skip":true},{"start":{"line":72,"column":20},"end":{"line":72,"column":49},"skip":true},{"start":{"line":73,"column":20},"end":{"line":73,"column":58},"skip":true},{"start":{"line":74,"column":20},"end":{"line":74,"column":69},"skip":true}]},"9":{"line":79,"type":"switch","locations":[{"start":{"line":80,"column":20},"end":{"line":80,"column":33},"skip":true},{"start":{"line":81,"column":20},"end":{"line":83,"column":30},"skip":true},{"start":{"line":84,"column":20},"end":{"line":85,"column":49},"skip":true}]},"10":{"line":89,"type":"switch","locations":[{"start":{"line":90,"column":12},"end":{"line":103,"column":22},"skip":true},{"start":{"line":105,"column":12},"end":{"line":106,"column":22},"skip":true}]},"11":{"line":89,"type":"binary-expr","locations":[{"start":{"line":89,"column":20},"end":{"line":89,"column":25},"skip":true},{"start":{"line":89,"column":29},"end":{"line":89,"column":48},"skip":true},{"start":{"line":89,"column":52},"end":{"line":89,"column":74},"skip":true}]},"12":{"line":92,"type":"if","locations":[{"start":{"line":92,"column":16},"end":{"line":92,"column":16},"skip":true},{"start":{"line":92,"column":16},"end":{"line":92,"column":16},"skip":true}]},"13":{"line":108,"type":"if","locations":[{"start":{"line":108,"column":12},"end":{"line":108,"column":12},"skip":true},{"start":{"line":108,"column":12},"end":{"line":108,"column":12},"skip":true}]},"14":{"line":108,"type":"binary-expr","locations":[{"start":{"line":108,"column":16},"end":{"line":108,"column":61},"skip":true},{"start":{"line":108,"column":66},"end":{"line":108,"column":72},"skip":true},{"start":{"line":108,"column":77},"end":{"line":108,"column":82},"skip":true},{"start":{"line":109,"column":20},"end":{"line":109,"column":39},"skip":true},{"start":{"line":110,"column":20},"end":{"line":110,"column":49},"skip":true},{"start":{"line":111,"column":20},"end":{"line":111,"column":58},"skip":true},{"start":{"line":112,"column":20},"end":{"line":112,"column":68},"skip":true}]},"15":{"line":129,"type":"if","locations":[{"start":{"line":129,"column":16},"end":{"line":129,"column":16},"skip":true},{"start":{"line":129,"column":16},"end":{"line":129,"column":16},"skip":true}]},"16":{"line":134,"type":"cond-expr","locations":[{"start":{"line":135,"column":26},"end":{"line":135,"column":29},"skip":true},{"start":{"line":136,"column":26},"end":{"line":136,"column":54},"skip":true}]},"17":{"line":164,"type":"binary-expr","locations":[{"start":{"line":164,"column":27},"end":{"line":164,"column":43},"skip":true},{"start":{"line":164,"column":47},"end":{"line":164,"column":49},"skip":true}]},"18":{"line":258,"type":"if","locations":[{"start":{"line":258,"column":8},"end":{"line":258,"column":8},"skip":true},{"start":{"line":258,"column":8},"end":{"line":258,"column":8},"skip":true}]},"19":{"line":275,"type":"switch","locations":[{"start":{"line":276,"column":20},"end":{"line":277,"column":64},"skip":true},{"start":{"line":278,"column":20},"end":{"line":279,"column":40},"skip":true},{"start":{"line":280,"column":20},"end":{"line":281,"column":40},"skip":true},{"start":{"line":282,"column":20},"end":{"line":283,"column":39},"skip":true}]},"20":{"line":288,"type":"if","locations":[{"start":{"line":288,"column":8},"end":{"line":288,"column":8},"skip":true},{"start":{"line":288,"column":8},"end":{"line":288,"column":8},"skip":true}]},"21":{"line":288,"type":"binary-expr","locations":[{"start":{"line":288,"column":12},"end":{"line":288,"column":40},"skip":true},{"start":{"line":288,"column":44},"end":{"line":288,"column":67},"skip":true}]},"22":{"line":292,"type":"binary-expr","locations":[{"start":{"line":292,"column":12},"end":{"line":292,"column":50},"skip":true},{"start":{"line":293,"column":12},"end":{"line":293,"column":53},"skip":true}]},"23":{"line":295,"type":"binary-expr","locations":[{"start":{"line":295,"column":12},"end":{"line":295,"column":65},"skip":true},{"start":{"line":296,"column":12},"end":{"line":301,"column":36},"skip":true}]},"24":{"line":302,"type":"binary-expr","locations":[{"start":{"line":302,"column":43},"end":{"line":302,"column":75},"skip":true},{"start":{"line":302,"column":79},"end":{"line":302,"column":81},"skip":true}]},"25":{"line":305,"type":"if","locations":[{"start":{"line":305,"column":8},"end":{"line":305,"column":8},"skip":true},{"start":{"line":305,"column":8},"end":{"line":305,"column":8},"skip":true}]},"26":{"line":309,"type":"if","locations":[{"start":{"line":309,"column":8},"end":{"line":309,"column":8},"skip":true},{"start":{"line":309,"column":8},"end":{"line":309,"column":8},"skip":true}]},"27":{"line":312,"type":"binary-expr","locations":[{"start":{"line":312,"column":27},"end":{"line":312,"column":43},"skip":true},{"start":{"line":312,"column":47},"end":{"line":312,"column":53},"skip":true}]},"28":{"line":316,"type":"if","locations":[{"start":{"line":316,"column":12},"end":{"line":316,"column":12},"skip":true},{"start":{"line":316,"column":12},"end":{"line":316,"column":12},"skip":true}]}},"code":["/*","example.js","","quickstart example","","instruction","    1. save this script as example.js","    2. run the shell command:","        $ npm install npmtest-pm2-gui && PORT=8081 node example.js","    3. play with the browser-demo on http://127.0.0.1:8081","*/","","","","/* istanbul instrument in package npmtest_pm2_gui */","/*jslint","    bitwise: true,","    browser: true,","    maxerr: 8,","    maxlen: 96,","    node: true,","    nomen: true,","    regexp: true,","    stupid: true","*/","(function () {","    'use strict';","    var local;","","","","    // run shared js-env code - pre-init","    (function () {","        // init local","        local = {};","        // init modeJs","        local.modeJs = (function () {","            try {","                return typeof navigator.userAgent === 'string' &&","                    typeof document.querySelector('body') === 'object' &&","                    typeof XMLHttpRequest.prototype.open === 'function' &&","                    'browser';","            } catch (errorCaughtBrowser) {","                return module.exports &&","                    typeof process.versions.node === 'string' &&","                    typeof require('http').createServer === 'function' &&","                    'node';","            }","        }());","        // init global","        local.global = local.modeJs === 'browser'","            ? window","            : global;","        // init utility2_rollup","        local = local.global.utility2_rollup || (local.modeJs === 'browser'","            ? local.global.utility2_npmtest_pm2_gui","            : global.utility2_moduleExports);","        // export local","        local.global.local = local;","    }());","    switch (local.modeJs) {","","","","    // post-init","    // run browser js-env code - post-init","    /* istanbul ignore next */","    case 'browser':","        local.testRunBrowser = function (event) {","            if (!event || (event &&","                    event.currentTarget &&","                    event.currentTarget.className &&","                    event.currentTarget.className.includes &&","                    event.currentTarget.className.includes('onreset'))) {","                // reset output","                Array.from(","                    document.querySelectorAll('body > .resettable')","                ).forEach(function (element) {","                    switch (element.tagName) {","                    case 'INPUT':","                    case 'TEXTAREA':","                        element.value = '';","                        break;","                    default:","                        element.textContent = '';","                    }","                });","            }","            switch (event && event.currentTarget && event.currentTarget.id) {","            case 'testRunButton1':","                // show tests","                if (document.querySelector('#testReportDiv1').style.display === 'none') {","                    document.querySelector('#testReportDiv1').style.display = 'block';","                    document.querySelector('#testRunButton1').textContent =","                        'hide internal test';","                    local.modeTest = true;","                    local.testRunDefault(local);","                // hide tests","                } else {","                    document.querySelector('#testReportDiv1').style.display = 'none';","                    document.querySelector('#testRunButton1').textContent = 'run internal test';","                }","                break;","            // custom-case","            default:","                break;","            }","            if (document.querySelector('#inputTextareaEval1') && (!event || (event &&","                    event.currentTarget &&","                    event.currentTarget.className &&","                    event.currentTarget.className.includes &&","                    event.currentTarget.className.includes('oneval')))) {","                // try to eval input-code","                try {","                    /*jslint evil: true*/","                    eval(document.querySelector('#inputTextareaEval1').value);","                } catch (errorCaught) {","                    console.error(errorCaught.stack);","                }","            }","        };","        // log stderr and stdout to #outputTextareaStdout1","        ['error', 'log'].forEach(function (key) {","            console[key + '_original'] = console[key];","            console[key] = function () {","                var element;","                console[key + '_original'].apply(console, arguments);","                element = document.querySelector('#outputTextareaStdout1');","                if (!element) {","                    return;","                }","                // append text to #outputTextareaStdout1","                element.value += Array.from(arguments).map(function (arg) {","                    return typeof arg === 'string'","                        ? arg","                        : JSON.stringify(arg, null, 4);","                }).join(' ') + '\\n';","                // scroll textarea to bottom","                element.scrollTop = element.scrollHeight;","            };","        });","        // init event-handling","        ['change', 'click', 'keyup'].forEach(function (event) {","            Array.from(document.querySelectorAll('.on' + event)).forEach(function (element) {","                element.addEventListener(event, local.testRunBrowser);","            });","        });","        // run tests","        local.testRunBrowser();","        break;","","","","    // run node js-env code - post-init","    /* istanbul ignore next */","    case 'node':","        // export local","        module.exports = local;","        // require modules","        local.fs = require('fs');","        local.http = require('http');","        local.url = require('url');","        // init assets","        local.assetsDict = local.assetsDict || {};","        /* jslint-ignore-begin */","        local.assetsDict['/assets.index.template.html'] = '\\","<!doctype html>\\n\\","<html lang=\"en\">\\n\\","<head>\\n\\","<meta charset=\"UTF-8\">\\n\\","<meta name=\"viewport\" content=\"width=device-width, initial-scale=1\">\\n\\","<title>{{env.npm_package_name}} (v{{env.npm_package_version}})</title>\\n\\","<style>\\n\\","/*csslint\\n\\","    box-sizing: false,\\n\\","    universal-selector: false\\n\\","*/\\n\\","* {\\n\\","    box-sizing: border-box;\\n\\","}\\n\\","body {\\n\\","    background: #dde;\\n\\","    font-family: Arial, Helvetica, sans-serif;\\n\\","    margin: 2rem;\\n\\","}\\n\\","body > * {\\n\\","    margin-bottom: 1rem;\\n\\","}\\n\\",".utility2FooterDiv {\\n\\","    margin-top: 20px;\\n\\","    text-align: center;\\n\\","}\\n\\","</style>\\n\\","<style>\\n\\","/*csslint\\n\\","*/\\n\\","textarea {\\n\\","    font-family: monospace;\\n\\","    height: 10rem;\\n\\","    width: 100%;\\n\\","}\\n\\","textarea[readonly] {\\n\\","    background: #ddd;\\n\\","}\\n\\","</style>\\n\\","</head>\\n\\","<body>\\n\\","<!-- utility2-comment\\n\\","<div id=\"ajaxProgressDiv1\" style=\"background: #d00; height: 2px; left: 0; margin: 0; padding: 0; position: fixed; top: 0; transition: background 0.5s, width 1.5s; width: 25%;\"></div>\\n\\","utility2-comment -->\\n\\","<h1>\\n\\","<!-- utility2-comment\\n\\","    <a\\n\\","        {{#if env.npm_package_homepage}}\\n\\","        href=\"{{env.npm_package_homepage}}\"\\n\\","        {{/if env.npm_package_homepage}}\\n\\","        target=\"_blank\"\\n\\","    >\\n\\","utility2-comment -->\\n\\","        {{env.npm_package_name}} (v{{env.npm_package_version}})\\n\\","<!-- utility2-comment\\n\\","    </a>\\n\\","utility2-comment -->\\n\\","</h1>\\n\\","<h3>{{env.npm_package_description}}</h3>\\n\\","<!-- utility2-comment\\n\\","<h4><a download href=\"assets.app.js\">download standalone app</a></h4>\\n\\","<button class=\"onclick onreset\" id=\"testRunButton1\">run internal test</button><br>\\n\\","<div id=\"testReportDiv1\" style=\"display: none;\"></div>\\n\\","utility2-comment -->\\n\\","\\n\\","\\n\\","\\n\\","<label>stderr and stdout</label>\\n\\","<textarea class=\"resettable\" id=\"outputTextareaStdout1\" readonly></textarea>\\n\\","<!-- utility2-comment\\n\\","{{#if isRollup}}\\n\\","<script src=\"assets.app.js\"></script>\\n\\","{{#unless isRollup}}\\n\\","utility2-comment -->\\n\\","<script src=\"assets.utility2.rollup.js\"></script>\\n\\","<script src=\"jsonp.utility2._stateInit?callback=window.utility2._stateInit\"></script>\\n\\","<script src=\"assets.npmtest_pm2_gui.rollup.js\"></script>\\n\\","<script src=\"assets.example.js\"></script>\\n\\","<script src=\"assets.test.js\"></script>\\n\\","<!-- utility2-comment\\n\\","{{/if isRollup}}\\n\\","utility2-comment -->\\n\\","<div class=\"utility2FooterDiv\">\\n\\","    [ this app was created with\\n\\","    <a href=\"https://github.com/kaizhu256/node-utility2\" target=\"_blank\">utility2</a>\\n\\","    ]\\n\\","</div>\\n\\","</body>\\n\\","</html>\\n\\","';","        /* jslint-ignore-end */","        if (local.templateRender) {","            local.assetsDict['/'] = local.templateRender(","                local.assetsDict['/assets.index.template.html'],","                {","                    env: local.objectSetDefault(local.env, {","                        npm_package_description: 'the greatest app in the world!',","                        npm_package_name: 'my-app',","                        npm_package_nameAlias: 'my_app',","                        npm_package_version: '0.0.1'","                    })","                }","            );","        } else {","            local.assetsDict['/'] = local.assetsDict['/assets.index.template.html']","                .replace((/\\{\\{env\\.(\\w+?)\\}\\}/g), function (match0, match1) {","                    // jslint-hack","                    String(match0);","                    switch (match1) {","                    case 'npm_package_description':","                        return 'the greatest app in the world!';","                    case 'npm_package_name':","                        return 'my-app';","                    case 'npm_package_nameAlias':","                        return 'my_app';","                    case 'npm_package_version':","                        return '0.0.1';","                    }","                });","        }","        // run the cli","        if (local.global.utility2_rollup || module !== require.main) {","            break;","        }","        local.assetsDict['/assets.example.js'] =","            local.assetsDict['/assets.example.js'] ||","            local.fs.readFileSync(__filename, 'utf8');","        local.assetsDict['/assets.npmtest_pm2_gui.rollup.js'] =","            local.assetsDict['/assets.npmtest_pm2_gui.rollup.js'] ||","            local.fs.readFileSync(","                // buildCustomOrg-hack","                local.npmtest_pm2_gui.__dirname +","                    '/lib.npmtest_pm2_gui.js',","                'utf8'","            ).replace((/^#!/), '//');","        local.assetsDict['/favicon.ico'] = local.assetsDict['/favicon.ico'] || '';","        // if $npm_config_timeout_exit exists,","        // then exit this process after $npm_config_timeout_exit ms","        if (Number(process.env.npm_config_timeout_exit)) {","            setTimeout(process.exit, Number(process.env.npm_config_timeout_exit));","        }","        // start server","        if (local.global.utility2_serverHttp1) {","            break;","        }","        process.env.PORT = process.env.PORT || '8081';","        console.error('server starting on port ' + process.env.PORT);","        local.http.createServer(function (request, response) {","            request.urlParsed = local.url.parse(request.url);","            if (local.assetsDict[request.urlParsed.pathname] !== undefined) {","                response.end(local.assetsDict[request.urlParsed.pathname]);","                return;","            }","            response.statusCode = 404;","            response.end();","        }).listen(process.env.PORT);","        break;","    }","}());",""],"l":{"26":2,"28":2,"33":2,"35":2,"37":2,"38":2,"39":2,"44":1,"51":2,"55":2,"59":2,"61":2,"69":1,"70":2,"76":2,"79":2,"82":2,"83":2,"85":1,"89":2,"92":1,"93":1,"94":1,"96":1,"97":1,"100":1,"101":1,"103":1,"106":1,"108":2,"114":1,"116":1,"118":1,"123":1,"124":2,"125":2,"126":2,"127":2,"128":2,"129":2,"130":1,"133":2,"134":2,"139":2,"143":1,"144":3,"145":1,"149":1,"150":1,"158":1,"160":1,"161":1,"162":1,"164":1,"166":1,"258":1,"259":1,"271":1,"274":6,"275":6,"277":1,"279":2,"281":1,"283":2,"288":1,"289":1,"291":1,"294":1,"302":1,"305":1,"306":1,"309":1,"310":1,"312":1,"313":1,"314":1,"315":1,"316":1,"317":1,"318":1,"320":1,"321":1,"323":1}},"/home/travis/build/npmtest/node-npmtest-pm2-gui/pm2-gui/pm2-gui.js":{"path":"/home/travis/build/npmtest/node-npmtest-pm2-gui/pm2-gui/pm2-gui.js","s":{"1":1,"2":1,"3":1,"4":1,"5":1,"6":1,"7":1,"8":1,"9":1,"10":1,"11":1,"12":0,"13":0,"14":0,"15":0,"16":0,"17":0,"18":0,"19":0,"20":0,"21":0,"22":0,"23":0,"24":0,"25":0,"26":0,"27":0,"28":1,"29":1,"30":1,"31":1,"32":1,"33":0,"34":0,"35":0,"36":0,"37":0,"38":0,"39":0,"40":0,"41":0,"42":1,"43":0,"44":0,"45":0,"46":0,"47":0,"48":0,"49":0,"50":0,"51":0,"52":0,"53":0,"54":0,"55":1,"56":0,"57":0,"58":0,"59":0,"60":0,"61":0,"62":0,"63":0,"64":0,"65":0,"66":0,"67":0,"68":0,"69":0,"70":0,"71":0,"72":0,"73":0,"74":0,"75":0,"76":1,"77":0,"78":0,"79":0,"80":0,"81":1,"82":0,"83":0,"84":0,"85":0,"86":0,"87":0,"88":0,"89":0,"90":0,"91":0,"92":1,"93":0,"94":0,"95":0,"96":0,"97":0,"98":0,"99":0,"100":0,"101":0,"102":0,"103":0,"104":0,"105":0,"106":0,"107":0,"108":0,"109":1,"110":0,"111":0,"112":0,"113":0,"114":1,"115":0,"116":0,"117":0,"118":0,"119":1,"120":0,"121":0,"122":0,"123":1,"124":0,"125":0,"126":0,"127":0,"128":0,"129":0,"130":0,"131":0,"132":0,"133":0,"134":0,"135":0,"136":0,"137":0,"138":0},"b":{"1":[0,1],"2":[0,0],"3":[0,0],"4":[0,0],"5":[0,0,0,0],"6":[0,0],"7":[0,0],"8":[0,0],"9":[0,0],"10":[0,0],"11":[0,0],"12":[0,0],"13":[0,0],"14":[0,0],"15":[0,0],"16":[0,0],"17":[0,0],"18":[0,0],"19":[0,0],"20":[0,0],"21":[0,0],"22":[0,0],"23":[0,0],"24":[0,0],"25":[0,0],"26":[0,0],"27":[0,0],"28":[0,0],"29":[0,0],"30":[0,0]},"f":{"1":0,"2":0,"3":0,"4":0,"5":0,"6":0,"7":0,"8":0,"9":0,"10":0,"11":0,"12":0,"13":0,"14":0,"15":0,"16":0,"17":0},"fnMap":{"1":{"name":"startWebServer","line":47,"loc":{"start":{"line":47,"column":0},"end":{"line":47,"column":35}}},"2":{"name":"(anonymous_2)","line":55,"loc":{"start":{"line":55,"column":16},"end":{"line":55,"column":42}}},"3":{"name":"startAgent","line":69,"loc":{"start":{"line":69,"column":0},"end":{"line":69,"column":31}}},"4":{"name":"dashboard","line":90,"loc":{"start":{"line":90,"column":0},"end":{"line":90,"column":30}}},"5":{"name":"(anonymous_5)","line":92,"loc":{"start":{"line":92,"column":21},"end":{"line":92,"column":33}}},"6":{"name":"(anonymous_6)","line":118,"loc":{"start":{"line":118,"column":26},"end":{"line":118,"column":45}}},"7":{"name":"exitGraceful","line":124,"loc":{"start":{"line":124,"column":0},"end":{"line":124,"column":37}}},"8":{"name":"tryToExit","line":131,"loc":{"start":{"line":131,"column":2},"end":{"line":131,"column":24}}},"9":{"name":"(anonymous_9)","line":137,"loc":{"start":{"line":137,"column":43},"end":{"line":137,"column":58}}},"10":{"name":"(anonymous_10)","line":142,"loc":{"start":{"line":142,"column":33},"end":{"line":142,"column":45}}},"11":{"name":"slave","line":151,"loc":{"start":{"line":151,"column":0},"end":{"line":151,"column":25}}},"12":{"name":"shutdown","line":181,"loc":{"start":{"line":181,"column":2},"end":{"line":181,"column":35}}},"13":{"name":"restart","line":188,"loc":{"start":{"line":188,"column":2},"end":{"line":188,"column":22}}},"14":{"name":"caughtException","line":199,"loc":{"start":{"line":199,"column":2},"end":{"line":199,"column":33}}},"15":{"name":"_connectToDashboard","line":207,"loc":{"start":{"line":207,"column":0},"end":{"line":207,"column":60}}},"16":{"name":"(anonymous_16)","line":210,"loc":{"start":{"line":210,"column":39},"end":{"line":210,"column":57}}},"17":{"name":"(anonymous_17)","line":213,"loc":{"start":{"line":213,"column":7},"end":{"line":213,"column":30}}}},"statementMap":{"1":{"start":{"line":1,"column":0},"end":{"line":1,"column":28}},"2":{"start":{"line":2,"column":0},"end":{"line":2,"column":26}},"3":{"start":{"line":3,"column":0},"end":{"line":3,"column":22}},"4":{"start":{"line":4,"column":0},"end":{"line":4,"column":25}},"5":{"start":{"line":5,"column":0},"end":{"line":5,"column":35}},"6":{"start":{"line":6,"column":0},"end":{"line":6,"column":34}},"7":{"start":{"line":7,"column":0},"end":{"line":7,"column":38}},"8":{"start":{"line":8,"column":0},"end":{"line":8,"column":35}},"9":{"start":{"line":9,"column":0},"end":{"line":9,"column":32}},"10":{"start":{"line":10,"column":0},"end":{"line":10,"column":51}},"11":{"start":{"line":12,"column":0},"end":{"line":40,"column":1}},"12":{"start":{"line":13,"column":2},"end":{"line":13,"column":15}},"13":{"start":{"line":14,"column":2},"end":{"line":16,"column":3}},"14":{"start":{"line":15,"column":4},"end":{"line":15,"column":25}},"15":{"start":{"line":17,"column":2},"end":{"line":19,"column":3}},"16":{"start":{"line":18,"column":4},"end":{"line":18,"column":26}},"17":{"start":{"line":20,"column":2},"end":{"line":20,"column":22}},"18":{"start":{"line":22,"column":2},"end":{"line":39,"column":3}},"19":{"start":{"line":24,"column":6},"end":{"line":24,"column":26}},"20":{"start":{"line":25,"column":6},"end":{"line":25,"column":11}},"21":{"start":{"line":27,"column":6},"end":{"line":27,"column":22}},"22":{"start":{"line":28,"column":6},"end":{"line":28,"column":11}},"23":{"start":{"line":30,"column":6},"end":{"line":30,"column":21}},"24":{"start":{"line":31,"column":6},"end":{"line":31,"column":11}},"25":{"start":{"line":33,"column":6},"end":{"line":36,"column":8}},"26":{"start":{"line":37,"column":6},"end":{"line":37,"column":56}},"27":{"start":{"line":38,"column":6},"end":{"line":38,"column":11}},"28":{"start":{"line":42,"column":0},"end":{"line":42,"column":39}},"29":{"start":{"line":43,"column":0},"end":{"line":43,"column":31}},"30":{"start":{"line":44,"column":0},"end":{"line":44,"column":29}},"31":{"start":{"line":45,"column":0},"end":{"line":45,"column":35}},"32":{"start":{"line":47,"column":0},"end":{"line":67,"column":1}},"33":{"start":{"line":48,"column":2},"end":{"line":50,"column":4}},"34":{"start":{"line":51,"column":2},"end":{"line":51,"column":31}},"35":{"start":{"line":53,"column":2},"end":{"line":53,"column":37}},"36":{"start":{"line":54,"column":2},"end":{"line":60,"column":4}},"37":{"start":{"line":56,"column":6},"end":{"line":56,"column":27}},"38":{"start":{"line":57,"column":6},"end":{"line":57,"column":12}},"39":{"start":{"line":62,"column":2},"end":{"line":64,"column":4}},"40":{"start":{"line":65,"column":2},"end":{"line":65,"column":15}},"41":{"start":{"line":66,"column":2},"end":{"line":66,"column":70}},"42":{"start":{"line":69,"column":0},"end":{"line":88,"column":1}},"43":{"start":{"line":70,"column":2},"end":{"line":72,"column":4}},"44":{"start":{"line":74,"column":2},"end":{"line":74,"column":31}},"45":{"start":{"line":75,"column":2},"end":{"line":75,"column":37}},"46":{"start":{"line":76,"column":2},"end":{"line":79,"column":3}},"47":{"start":{"line":77,"column":4},"end":{"line":77,"column":56}},"48":{"start":{"line":78,"column":4},"end":{"line":78,"column":26}},"49":{"start":{"line":80,"column":2},"end":{"line":80,"column":37}},"50":{"start":{"line":81,"column":2},"end":{"line":81,"column":25}},"51":{"start":{"line":82,"column":2},"end":{"line":84,"column":4}},"52":{"start":{"line":85,"column":2},"end":{"line":85,"column":25}},"53":{"start":{"line":86,"column":2},"end":{"line":86,"column":15}},"54":{"start":{"line":87,"column":2},"end":{"line":87,"column":74}},"55":{"start":{"line":90,"column":0},"end":{"line":122,"column":1}},"56":{"start":{"line":92,"column":2},"end":{"line":94,"column":4}},"57":{"start":{"line":93,"column":4},"end":{"line":93,"column":39}},"58":{"start":{"line":95,"column":2},"end":{"line":97,"column":4}},"59":{"start":{"line":98,"column":2},"end":{"line":98,"column":40}},"60":{"start":{"line":99,"column":2},"end":{"line":99,"column":36}},"61":{"start":{"line":101,"column":2},"end":{"line":104,"column":3}},"62":{"start":{"line":102,"column":4},"end":{"line":102,"column":58}},"63":{"start":{"line":103,"column":4},"end":{"line":103,"column":26}},"64":{"start":{"line":105,"column":2},"end":{"line":105,"column":27}},"65":{"start":{"line":106,"column":2},"end":{"line":111,"column":3}},"66":{"start":{"line":107,"column":4},"end":{"line":109,"column":5}},"67":{"start":{"line":108,"column":6},"end":{"line":108,"column":82}},"68":{"start":{"line":110,"column":4},"end":{"line":110,"column":99}},"69":{"start":{"line":112,"column":2},"end":{"line":114,"column":3}},"70":{"start":{"line":113,"column":4},"end":{"line":113,"column":57}},"71":{"start":{"line":116,"column":2},"end":{"line":116,"column":79}},"72":{"start":{"line":117,"column":2},"end":{"line":117,"column":17}},"73":{"start":{"line":118,"column":2},"end":{"line":121,"column":4}},"74":{"start":{"line":119,"column":4},"end":{"line":119,"column":19}},"75":{"start":{"line":120,"column":4},"end":{"line":120,"column":95}},"76":{"start":{"line":124,"column":0},"end":{"line":149,"column":1}},"77":{"start":{"line":125,"column":2},"end":{"line":125,"column":18}},"78":{"start":{"line":126,"column":2},"end":{"line":128,"column":3}},"79":{"start":{"line":127,"column":4},"end":{"line":127,"column":88}},"80":{"start":{"line":129,"column":2},"end":{"line":129,"column":13}},"81":{"start":{"line":131,"column":2},"end":{"line":135,"column":3}},"82":{"start":{"line":132,"column":4},"end":{"line":134,"column":5}},"83":{"start":{"line":133,"column":6},"end":{"line":133,"column":24}},"84":{"start":{"line":137,"column":2},"end":{"line":147,"column":4}},"85":{"start":{"line":138,"column":4},"end":{"line":138,"column":19}},"86":{"start":{"line":139,"column":4},"end":{"line":146,"column":5}},"87":{"start":{"line":140,"column":6},"end":{"line":140,"column":20}},"88":{"start":{"line":142,"column":6},"end":{"line":145,"column":8}},"89":{"start":{"line":143,"column":8},"end":{"line":143,"column":22}},"90":{"start":{"line":144,"column":8},"end":{"line":144,"column":19}},"91":{"start":{"line":148,"column":2},"end":{"line":148,"column":13}},"92":{"start":{"line":151,"column":0},"end":{"line":205,"column":1}},"93":{"start":{"line":152,"column":2},"end":{"line":152,"column":33}},"94":{"start":{"line":153,"column":2},"end":{"line":153,"column":25}},"95":{"start":{"line":154,"column":2},"end":{"line":154,"column":33}},"96":{"start":{"line":155,"column":2},"end":{"line":162,"column":3}},"97":{"start":{"line":156,"column":4},"end":{"line":156,"column":55}},"98":{"start":{"line":158,"column":4},"end":{"line":161,"column":5}},"99":{"start":{"line":159,"column":6},"end":{"line":159,"column":60}},"100":{"start":{"line":160,"column":6},"end":{"line":160,"column":28}},"101":{"start":{"line":163,"column":2},"end":{"line":165,"column":4}},"102":{"start":{"line":167,"column":2},"end":{"line":167,"column":26}},"103":{"start":{"line":169,"column":2},"end":{"line":173,"column":43}},"104":{"start":{"line":175,"column":2},"end":{"line":175,"column":33}},"105":{"start":{"line":176,"column":2},"end":{"line":176,"column":32}},"106":{"start":{"line":177,"column":2},"end":{"line":177,"column":31}},"107":{"start":{"line":178,"column":2},"end":{"line":178,"column":50}},"108":{"start":{"line":179,"column":2},"end":{"line":179,"column":34}},"109":{"start":{"line":181,"column":2},"end":{"line":186,"column":3}},"110":{"start":{"line":182,"column":4},"end":{"line":182,"column":37}},"111":{"start":{"line":183,"column":4},"end":{"line":183,"column":18}},"112":{"start":{"line":184,"column":4},"end":{"line":184,"column":38}},"113":{"start":{"line":185,"column":4},"end":{"line":185,"column":28}},"114":{"start":{"line":188,"column":2},"end":{"line":197,"column":3}},"115":{"start":{"line":189,"column":4},"end":{"line":196,"column":5}},"116":{"start":{"line":190,"column":6},"end":{"line":192,"column":8}},"117":{"start":{"line":194,"column":6},"end":{"line":194,"column":78}},"118":{"start":{"line":195,"column":6},"end":{"line":195,"column":17}},"119":{"start":{"line":199,"column":2},"end":{"line":202,"column":3}},"120":{"start":{"line":200,"column":4},"end":{"line":200,"column":28}},"121":{"start":{"line":201,"column":4},"end":{"line":201,"column":15}},"122":{"start":{"line":204,"column":2},"end":{"line":204,"column":16}},"123":{"start":{"line":207,"column":0},"end":{"line":230,"column":1}},"124":{"start":{"line":208,"column":2},"end":{"line":208,"column":48}},"125":{"start":{"line":209,"column":2},"end":{"line":227,"column":3}},"126":{"start":{"line":210,"column":4},"end":{"line":226,"column":6}},"127":{"start":{"line":211,"column":6},"end":{"line":211,"column":79}},"128":{"start":{"line":212,"column":6},"end":{"line":212,"column":40}},"129":{"start":{"line":214,"column":6},"end":{"line":217,"column":7}},"130":{"start":{"line":215,"column":8},"end":{"line":215,"column":73}},"131":{"start":{"line":216,"column":8},"end":{"line":216,"column":30}},"132":{"start":{"line":218,"column":6},"end":{"line":218,"column":56}},"133":{"start":{"line":219,"column":6},"end":{"line":219,"column":29}},"134":{"start":{"line":220,"column":6},"end":{"line":222,"column":8}},"135":{"start":{"line":223,"column":6},"end":{"line":223,"column":29}},"136":{"start":{"line":224,"column":6},"end":{"line":224,"column":19}},"137":{"start":{"line":225,"column":6},"end":{"line":225,"column":40}},"138":{"start":{"line":229,"column":2},"end":{"line":229,"column":36}}},"branchMap":{"1":{"line":12,"type":"if","locations":[{"start":{"line":12,"column":0},"end":{"line":12,"column":0}},{"start":{"line":12,"column":0},"end":{"line":12,"column":0}}]},"2":{"line":14,"type":"if","locations":[{"start":{"line":14,"column":2},"end":{"line":14,"column":2}},{"start":{"line":14,"column":2},"end":{"line":14,"column":2}}]},"3":{"line":17,"type":"if","locations":[{"start":{"line":17,"column":2},"end":{"line":17,"column":2}},{"start":{"line":17,"column":2},"end":{"line":17,"column":2}}]},"4":{"line":20,"type":"binary-expr","locations":[{"start":{"line":20,"column":8},"end":{"line":20,"column":11}},{"start":{"line":20,"column":15},"end":{"line":20,"column":22}}]},"5":{"line":22,"type":"switch","locations":[{"start":{"line":23,"column":4},"end":{"line":25,"column":11}},{"start":{"line":26,"column":4},"end":{"line":28,"column":11}},{"start":{"line":29,"column":4},"end":{"line":31,"column":11}},{"start":{"line":32,"column":4},"end":{"line":38,"column":11}}]},"6":{"line":53,"type":"binary-expr","locations":[{"start":{"line":53,"column":17},"end":{"line":53,"column":29}},{"start":{"line":53,"column":33},"end":{"line":53,"column":37}}]},"7":{"line":63,"type":"binary-expr","locations":[{"start":{"line":63,"column":13},"end":{"line":63,"column":28}},{"start":{"line":63,"column":32},"end":{"line":63,"column":37}}]},"8":{"line":75,"type":"binary-expr","locations":[{"start":{"line":75,"column":18},"end":{"line":75,"column":31}},{"start":{"line":75,"column":35},"end":{"line":75,"column":37}}]},"9":{"line":76,"type":"if","locations":[{"start":{"line":76,"column":2},"end":{"line":76,"column":2}},{"start":{"line":76,"column":2},"end":{"line":76,"column":2}}]},"10":{"line":80,"type":"binary-expr","locations":[{"start":{"line":80,"column":17},"end":{"line":80,"column":29}},{"start":{"line":80,"column":33},"end":{"line":80,"column":37}}]},"11":{"line":83,"type":"binary-expr","locations":[{"start":{"line":83,"column":13},"end":{"line":83,"column":28}},{"start":{"line":83,"column":32},"end":{"line":83,"column":37}}]},"12":{"line":101,"type":"if","locations":[{"start":{"line":101,"column":2},"end":{"line":101,"column":2}},{"start":{"line":101,"column":2},"end":{"line":101,"column":2}}]},"13":{"line":106,"type":"if","locations":[{"start":{"line":106,"column":2},"end":{"line":106,"column":2}},{"start":{"line":106,"column":2},"end":{"line":106,"column":2}}]},"14":{"line":107,"type":"if","locations":[{"start":{"line":107,"column":4},"end":{"line":107,"column":4}},{"start":{"line":107,"column":4},"end":{"line":107,"column":4}}]},"15":{"line":112,"type":"if","locations":[{"start":{"line":112,"column":2},"end":{"line":112,"column":2}},{"start":{"line":112,"column":2},"end":{"line":112,"column":2}}]},"16":{"line":112,"type":"binary-expr","locations":[{"start":{"line":112,"column":6},"end":{"line":112,"column":20}},{"start":{"line":112,"column":24},"end":{"line":112,"column":46}}]},"17":{"line":125,"type":"binary-expr","locations":[{"start":{"line":125,"column":9},"end":{"line":125,"column":13}},{"start":{"line":125,"column":17},"end":{"line":125,"column":18}}]},"18":{"line":126,"type":"if","locations":[{"start":{"line":126,"column":2},"end":{"line":126,"column":2}},{"start":{"line":126,"column":2},"end":{"line":126,"column":2}}]},"19":{"line":127,"type":"binary-expr","locations":[{"start":{"line":127,"column":70},"end":{"line":127,"column":76}},{"start":{"line":127,"column":80},"end":{"line":127,"column":86}}]},"20":{"line":132,"type":"if","locations":[{"start":{"line":132,"column":4},"end":{"line":132,"column":4}},{"start":{"line":132,"column":4},"end":{"line":132,"column":4}}]},"21":{"line":132,"type":"binary-expr","locations":[{"start":{"line":132,"column":9},"end":{"line":132,"column":16}},{"start":{"line":132,"column":22},"end":{"line":132,"column":29}}]},"22":{"line":139,"type":"if","locations":[{"start":{"line":139,"column":4},"end":{"line":139,"column":4}},{"start":{"line":139,"column":4},"end":{"line":139,"column":4}}]},"23":{"line":142,"type":"binary-expr","locations":[{"start":{"line":142,"column":6},"end":{"line":142,"column":15}},{"start":{"line":142,"column":19},"end":{"line":145,"column":8}}]},"24":{"line":153,"type":"binary-expr","locations":[{"start":{"line":153,"column":12},"end":{"line":153,"column":19}},{"start":{"line":153,"column":23},"end":{"line":153,"column":25}}]},"25":{"line":155,"type":"if","locations":[{"start":{"line":155,"column":2},"end":{"line":155,"column":2}},{"start":{"line":155,"column":2},"end":{"line":155,"column":2}}]},"26":{"line":158,"type":"if","locations":[{"start":{"line":158,"column":4},"end":{"line":158,"column":4}},{"start":{"line":158,"column":4},"end":{"line":158,"column":4}}]},"27":{"line":189,"type":"if","locations":[{"start":{"line":189,"column":4},"end":{"line":189,"column":4}},{"start":{"line":189,"column":4},"end":{"line":189,"column":4}}]},"28":{"line":209,"type":"if","locations":[{"start":{"line":209,"column":2},"end":{"line":209,"column":2}},{"start":{"line":209,"column":2},"end":{"line":209,"column":2}}]},"29":{"line":214,"type":"if","locations":[{"start":{"line":214,"column":6},"end":{"line":214,"column":6}},{"start":{"line":214,"column":6},"end":{"line":214,"column":6}}]},"30":{"line":221,"type":"binary-expr","locations":[{"start":{"line":221,"column":17},"end":{"line":221,"column":32}},{"start":{"line":221,"column":36},"end":{"line":221,"column":41}}]}},"code":["var chalk = require('chalk')","var path = require('path')","var fs = require('fs')","var _ = require('lodash')","var socketIO = require('socket.io')","var inquirer = require('inquirer')","var Monitor = require('./lib/monitor')","var Log = require('./lib/util/log')","var Web = require('./web/index')","var layout = require('./lib/blessed-widget/layout')","","if (path.basename(process.mainModule.filename, '.js') === 'pm2-gui') {","  var cmd, file","  if (process.argv.length > 2) {","    cmd = process.argv[2]","  }","  if (process.argv.length > 3) {","    file = process.argv[3]","  }","  cmd = cmd || 'start'","","  switch (cmd) {","    case 'start':","      startWebServer(file)","      break","    case 'agent':","      startAgent(file)","      break","    case 'mon':","      dashboard(file)","      break","    default:","      Log({","        level: 0,","        prefix: true","      })","      console.error('Command', cmd, 'is not supported!')","      break","  }","}","","exports.startWebServer = startWebServer","exports.startAgent = startAgent","exports.dashboard = dashboard","exports.exitGraceful = exitGraceful","","function startWebServer (confFile) {","  var monitor = slave({","    confFile: confFile","  })","  var options = monitor.options","","  options.port = options.port || 8088","  var server = Web({","    middleware: function (req, res, next) {","      req._config = options","      next()","    },","    port: options.port","  })","","  monitor.sockio = socketIO(server, {","    origins: options.origins || '*:*'","  })","  monitor.run()","  console.info('Web server is listening on 127.0.0.1:' + options.port)","}","","function startAgent (confFile) {","  var monitor = slave({","    confFile: confFile","  })","","  var options = monitor.options","  options.agent = options.agent || {}","  if (options.agent.offline) {","    console.error('Agent is offline, can not start it.')","    return process.exit(0)","  }","  options.port = options.port || 8088","  var sockio = socketIO()","  sockio.listen(options.port, {","    origins: options.origins || '*:*'","  })","  monitor.sockio = sockio","  monitor.run()","  console.info('Socket.io server is listening on 0.0.0.0:' + options.port)","}","","function dashboard (confFile) {","  // restore cursor","  process.on('exit', function () {","    process.stdout.write('\\u001b[?25h')","  })","  var monitor = slave({","    confFile: confFile","  })","  var options = _.clone(monitor.options)","  var q = Monitor.available(options)","","  if (!q) {","    console.error('No agent is online, can not start it.')","    return process.exit(0)","  }","  var ql = q.choices.length","  if (ql === 1) {","    if (q.choices[0].short !== 'localhost') {","      console.info('There is just one remoting server online, try to connect it.')","    }","    return _connectToDashboard(monitor, options, Monitor.parseConnectionString(q.choices[0].value))","  }","  if (!options.agent || !options.agent.offline) {","    q.choices.splice(ql - 1, 0, new inquirer.Separator())","  }","","  console.info('Remoting servers are online, choose one you are intrested in.')","  console.log('')","  inquirer.prompt(q).then(function (answers) {","    console.log('')","    _connectToDashboard(monitor, options, Monitor.parseConnectionString(answers.socket_server))","  })","}","","function exitGraceful (code, signal) {","  code = code || 0","  if (signal !== '-f') {","    console.debug('Slave has exited, code: ' + code + ', signal: ' + (signal || 'NULL'))","  }","  var fds = 0","","  function tryToExit () {","    if ((fds & 1) && (fds & 2)) {","      process.exit(code)","    }","  }","","  [process.stdout, process.stderr].forEach(function (std) {","    var fd = std.fd","    if (!std.bufferSize) {","      fds = fds | fd","    } else {","      std.write && std.write('', function () {","        fds = fds | fd","        tryToExit()","      })","    }","  })","  tryToExit()","}","","function slave (options) {","  process.title = 'pm2-gui slave'","  options = options || {}","  var confFile = options.confFile","  if (!confFile) {","    confFile = path.resolve(__dirname, './pm2-gui.ini')","","    if (!fs.existsSync(confFile)) {","      console.error(chalk.bold(confFile), 'does not exist!')","      return process.exit(0)","    }","  }","  var monitor = Monitor({","    confFile: confFile","  })","","  Log(monitor.options.log)","","  console.log(chalk.cyan(","    '\\n' +","    '█▀▀█ █▀▄▀█ █▀█ ░░ ▒█▀▀█ ▒█░▒█ ▀█▀\\n' +","    '█░░█ █░▀░█ ░▄▀ ▀▀ ▒█░▄▄ ▒█░▒█ ▒█░\\n' +","    '█▀▀▀ ▀░░░▀ █▄▄ ░░ ▒█▄▄█ ░▀▄▄▀ ▄█▄\\n'))","","  process.on('SIGTERM', shutdown)","  process.on('SIGINT', shutdown)","  process.on('SIGHUP', restart)","  process.on('uncaughtException', caughtException)","  process.on('exit', exitGraceful)","","  function shutdown (code, signal) {","    console.info('Shutting down....')","    monitor.quit()","    console.info('Shutdown complete!')","    exitGraceful(code, '-f')","  }","","  function restart () {","    if (process.send) {","      process.send({","        action: 'restart'","      })","    } else {","      console.error('No IPC found, could not restart monitor, shutting down.')","      shutdown(1)","    }","  }","","  function caughtException (err) {","    console.error(err.stack)","    shutdown(1)","  }","","  return monitor","}","","function _connectToDashboard (monitor, options, connection) {","  connection = _.extend({}, options, connection)","  if (!!~['127.0.0.1', '0.0.0.0', 'localhost'].indexOf(connection.hostname)) { // eslint-disable-line no-extra-boolean-cast","    return monitor.connect(connection, function (socket) {","      console.info('Agent is online, try to connect it in dashboard directly.')","      layout(connection).render(monitor)","    }, function (err, socket) {","      if (err === 'unauthorized') {","        console.error('There was an error with the authentication:', err)","        return process.exit(0)","      }","      console.warn('Agent is offline, try to start it.')","      var sockio = socketIO()","      sockio.listen(connection.port, {","        origins: options.origins || '*:*'","      })","      monitor.sockio = sockio","      monitor.run()","      layout(connection).render(monitor)","    })","  }","","  layout(connection).render(monitor)","}",""],"l":{"1":1,"2":1,"3":1,"4":1,"5":1,"6":1,"7":1,"8":1,"9":1,"10":1,"12":1,"13":0,"14":0,"15":0,"17":0,"18":0,"20":0,"22":0,"24":0,"25":0,"27":0,"28":0,"30":0,"31":0,"33":0,"37":0,"38":0,"42":1,"43":1,"44":1,"45":1,"47":1,"48":0,"51":0,"53":0,"54":0,"56":0,"57":0,"62":0,"65":0,"66":0,"69":1,"70":0,"74":0,"75":0,"76":0,"77":0,"78":0,"80":0,"81":0,"82":0,"85":0,"86":0,"87":0,"90":1,"92":0,"93":0,"95":0,"98":0,"99":0,"101":0,"102":0,"103":0,"105":0,"106":0,"107":0,"108":0,"110":0,"112":0,"113":0,"116":0,"117":0,"118":0,"119":0,"120":0,"124":1,"125":0,"126":0,"127":0,"129":0,"131":1,"132":0,"133":0,"137":0,"138":0,"139":0,"140":0,"142":0,"143":0,"144":0,"148":0,"151":1,"152":0,"153":0,"154":0,"155":0,"156":0,"158":0,"159":0,"160":0,"163":0,"167":0,"169":0,"175":0,"176":0,"177":0,"178":0,"179":0,"181":1,"182":0,"183":0,"184":0,"185":0,"188":1,"189":0,"190":0,"194":0,"195":0,"199":1,"200":0,"201":0,"204":0,"207":1,"208":0,"209":0,"210":0,"211":0,"212":0,"214":0,"215":0,"216":0,"218":0,"219":0,"220":0,"223":0,"224":0,"225":0,"229":0}},"/home/travis/build/npmtest/node-npmtest-pm2-gui/pm2-gui/lib/monitor.js":{"path":"/home/travis/build/npmtest/node-npmtest-pm2-gui/pm2-gui/lib/monitor.js","s":{"1":1,"2":1,"3":1,"4":1,"5":1,"6":1,"7":1,"8":1,"9":1,"10":1,"11":1,"12":1,"13":1,"14":1,"15":1,"16":1,"17":0,"18":0,"19":0,"20":1,"21":1,"22":1,"23":1,"24":0,"25":0,"26":0,"27":0,"28":0,"29":1,"30":0,"31":0,"32":0,"33":0,"34":0,"35":0,"36":0,"37":0,"38":1,"39":0,"40":0,"41":0,"42":0,"43":0,"44":0,"45":0,"46":0,"47":0,"48":0,"49":0,"50":0,"51":0,"52":1,"53":0,"54":0,"55":0,"56":0,"57":0,"58":1,"59":0,"60":0,"61":0,"62":0,"63":0,"64":0,"65":0,"66":0,"67":0,"68":0,"69":0,"70":0,"71":0,"72":0,"73":0,"74":0,"75":0,"76":0,"77":0,"78":0,"79":0,"80":0,"81":0,"82":0,"83":0,"84":1,"85":0,"86":0,"87":0,"88":0,"89":0,"90":0,"91":0,"92":0,"93":0,"94":0,"95":0,"96":0,"97":0,"98":0,"99":0,"100":0,"101":0,"102":0,"103":0,"104":0,"105":0,"106":0,"107":1,"108":0,"109":1,"110":0,"111":1,"112":0,"113":0,"114":1,"115":0,"116":0,"117":0,"118":0,"119":0,"120":0,"121":0,"122":0,"123":0,"124":0,"125":0,"126":0,"127":0,"128":0,"129":0,"130":0,"131":0,"132":0,"133":0,"134":0,"135":0,"136":0,"137":1,"138":0,"139":1,"140":0,"141":0,"142":1,"143":0,"144":0,"145":0,"146":0,"147":0,"148":0,"149":0,"150":0,"151":0,"152":0,"153":0,"154":0,"155":1,"156":0,"157":0,"158":0,"159":0,"160":0,"161":1,"162":0,"163":0,"164":0,"165":0,"166":0,"167":0,"168":0,"169":0,"170":0,"171":0,"172":0,"173":0,"174":0,"175":1,"176":0,"177":0,"178":0,"179":0,"180":0,"181":0,"182":0,"183":0,"184":0,"185":1,"186":0,"187":0,"188":0,"189":0,"190":0,"191":0,"192":1,"193":0,"194":0,"195":0,"196":0,"197":0,"198":0,"199":1,"200":0,"201":0,"202":0,"203":0,"204":0,"205":1,"206":0,"207":0,"208":0,"209":0,"210":0,"211":0,"212":0,"213":0,"214":0,"215":0,"216":0,"217":0,"218":0,"219":1,"220":0,"221":0,"222":0,"223":0,"224":1,"225":0,"226":0,"227":0,"228":0,"229":0,"230":1,"231":0,"232":1,"233":0,"234":0,"235":0,"236":0,"237":0,"238":0,"239":0,"240":0,"241":0,"242":0,"243":0,"244":0,"245":0,"246":0,"247":0,"248":0,"249":0,"250":1,"251":0,"252":0,"253":0,"254":0,"255":0,"256":0,"257":0,"258":0,"259":0,"260":0,"261":0,"262":0,"263":0,"264":0,"265":1,"266":0,"267":0,"268":0,"269":0,"270":0,"271":0,"272":0,"273":0,"274":0,"275":0,"276":0,"277":0,"278":0,"279":0,"280":0,"281":0,"282":0,"283":0,"284":0,"285":0,"286":0,"287":0,"288":0,"289":0,"290":1,"291":0,"292":0,"293":0,"294":0,"295":1,"296":0,"297":0,"298":0,"299":0,"300":0,"301":0,"302":0,"303":0,"304":0,"305":0,"306":0,"307":0,"308":0,"309":0,"310":1,"311":0,"312":0,"313":0,"314":0,"315":0},"b":{"1":[0,0],"2":[0,0],"3":[0,0],"4":[0,0],"5":[0,0],"6":[0,0],"7":[0,0],"8":[0,0],"9":[0,0],"10":[0,0],"11":[0,0],"12":[0,0],"13":[0,0],"14":[0,0],"15":[0,0],"16":[0,0],"17":[0,0],"18":[0,0],"19":[0,0],"20":[0,0],"21":[0,0],"22":[0,0],"23":[0,0],"24":[0,0],"25":[0,0],"26":[0,0],"27":[0,0],"28":[0,0],"29":[0,0],"30":[0,0],"31":[0,0],"32":[0,0],"33":[0,0],"34":[0,0],"35":[0,0],"36":[0,0],"37":[0,0],"38":[0,0],"39":[0,0],"40":[0,0],"41":[0,0],"42":[0,0],"43":[0,0],"44":[0,0],"45":[0,0],"46":[0,0],"47":[0,0],"48":[0,0,0,0],"49":[0,0],"50":[0,0],"51":[0,0],"52":[0,0],"53":[0,0],"54":[0,0],"55":[0,0],"56":[0,0],"57":[0,0],"58":[0,0],"59":[0,0],"60":[0,0],"61":[0,0],"62":[0,0],"63":[0,0],"64":[0,0],"65":[0,0],"66":[0,0],"67":[0,0],"68":[0,0],"69":[0,0],"70":[0,0],"71":[0,0],"72":[0,0],"73":[0,0],"74":[0,0],"75":[0,0],"76":[0,0],"77":[0,0],"78":[0,0],"79":[0,0],"80":[0,0],"81":[0,0],"82":[0,0],"83":[0,0],"84":[0,0]},"f":{"1":0,"2":0,"3":0,"4":0,"5":0,"6":0,"7":0,"8":0,"9":0,"10":0,"11":0,"12":0,"13":0,"14":0,"15":0,"16":0,"17":0,"18":0,"19":0,"20":0,"21":0,"22":0,"23":0,"24":0,"25":0,"26":0,"27":0,"28":0,"29":0,"30":0,"31":0,"32":0,"33":0,"34":0,"35":0,"36":0,"37":0,"38":0,"39":0,"40":0,"41":0,"42":0,"43":0,"44":0,"45":0,"46":0,"47":0,"48":0,"49":0,"50":0,"51":0,"52":0,"53":0,"54":0},"fnMap":{"1":{"name":"Monitor","line":24,"loc":{"start":{"line":24,"column":0},"end":{"line":24,"column":27}}},"2":{"name":"(anonymous_2)","line":40,"loc":{"start":{"line":40,"column":24},"end":{"line":40,"column":36}}},"3":{"name":"(anonymous_3)","line":56,"loc":{"start":{"line":56,"column":25},"end":{"line":56,"column":37}}},"4":{"name":"(anonymous_4)","line":76,"loc":{"start":{"line":76,"column":28},"end":{"line":76,"column":65}}},"5":{"name":"(anonymous_5)","line":87,"loc":{"start":{"line":87,"column":23},"end":{"line":87,"column":35}}},"6":{"name":"(anonymous_6)","line":91,"loc":{"start":{"line":91,"column":21},"end":{"line":91,"column":36}}},"7":{"name":"(anonymous_7)","line":95,"loc":{"start":{"line":95,"column":29},"end":{"line":95,"column":44}}},"8":{"name":"(anonymous_8)","line":106,"loc":{"start":{"line":106,"column":33},"end":{"line":106,"column":52}}},"9":{"name":"(anonymous_9)","line":123,"loc":{"start":{"line":123,"column":26},"end":{"line":123,"column":45}}},"10":{"name":"(anonymous_10)","line":153,"loc":{"start":{"line":153,"column":35},"end":{"line":153,"column":51}}},"11":{"name":"(anonymous_11)","line":176,"loc":{"start":{"line":176,"column":36},"end":{"line":176,"column":54}}},"12":{"name":"(anonymous_12)
[...]
:51,"column":0},"end":{"line":59,"column":1}},"21":{"start":{"line":52,"column":2},"end":{"line":57,"column":3}},"22":{"start":{"line":53,"column":4},"end":{"line":55,"column":5}},"23":{"start":{"line":54,"column":6},"end":{"line":54,"column":22}},"24":{"start":{"line":56,"column":4},"end":{"line":56,"column":10}},"25":{"start":{"line":58,"column":2},"end":{"line":58,"column":76}},"26":{"start":{"line":64,"column":0},"end":{"line":121,"column":1}},"27":{"start":{"line":65,"column":2},"end":{"line":70,"column":3}},"28":{"start":{"line":71,"column":2},"end":{"line":71,"column":34}},"29":{"start":{"line":72,"column":2},"end":{"line":72,"column":40}},"30":{"start":{"line":73,"column":2},"end":{"line":73,"column":42}},"31":{"start":{"line":74,"column":2},"end":{"line":74,"column":30}},"32":{"start":{"line":75,"column":2},"end":{"line":75,"column":30}},"33":{"start":{"line":77,"column":2},"end":{"line":82,"column":3}},"34":{"start":{"line":78,"column":4},"end":{"line":78,"column":42}},"35":{"start":{"line":79,"column":4},"end":{"line":81,"column":5}},"36":{"start":{"line":80,"column":6},"end":{"line":80,"column":22}},"37":{"start":{"line":83,"column":2},"end":{"line":88,"column":3}},"38":{"start":{"line":84,"column":4},"end":{"line":84,"column":43}},"39":{"start":{"line":85,"column":4},"end":{"line":87,"column":5}},"40":{"start":{"line":86,"column":6},"end":{"line":86,"column":23}},"41":{"start":{"line":90,"column":2},"end":{"line":120,"column":3}},"42":{"start":{"line":91,"column":4},"end":{"line":119,"column":5}},"43":{"start":{"line":92,"column":6},"end":{"line":92,"column":32}},"44":{"start":{"line":93,"column":6},"end":{"line":95,"column":7}},"45":{"start":{"line":94,"column":8},"end":{"line":94,"column":16}},"46":{"start":{"line":97,"column":6},"end":{"line":97,"column":51}},"47":{"start":{"line":98,"column":6},"end":{"line":98,"column":53}},"48":{"start":{"line":99,"column":6},"end":{"line":99,"column":80}},"49":{"start":{"line":100,"column":6},"end":{"line":100,"column":83}},"50":{"start":{"line":101,"column":6},"end":{"line":101,"column":106}},"51":{"start":{"line":102,"column":6},"end":{"line":102,"column":106}},"52":{"start":{"line":104,"column":6},"end":{"line":118,"column":7}},"53":{"start":{"line":105,"column":8},"end":{"line":110,"column":10}},"54":{"start":{"line":112,"column":8},"end":{"line":117,"column":12}},"55":{"start":{"line":129,"column":0},"end":{"line":150,"column":1}},"56":{"start":{"line":130,"column":2},"end":{"line":132,"column":3}},"57":{"start":{"line":131,"column":4},"end":{"line":131,"column":29}},"58":{"start":{"line":134,"column":2},"end":{"line":134,"column":30}},"59":{"start":{"line":135,"column":2},"end":{"line":135,"column":26}},"60":{"start":{"line":137,"column":2},"end":{"line":137,"column":38}},"61":{"start":{"line":139,"column":2},"end":{"line":148,"column":5}},"62":{"start":{"line":149,"column":2},"end":{"line":149,"column":24}},"63":{"start":{"line":152,"column":0},"end":{"line":152,"column":33}},"64":{"start":{"line":157,"column":0},"end":{"line":162,"column":1}},"65":{"start":{"line":158,"column":2},"end":{"line":158,"column":19}},"66":{"start":{"line":159,"column":2},"end":{"line":159,"column":34}},"67":{"start":{"line":160,"column":2},"end":{"line":160,"column":36}},"68":{"start":{"line":161,"column":2},"end":{"line":161,"column":55}},"69":{"start":{"line":168,"column":0},"end":{"line":198,"column":1}},"70":{"start":{"line":169,"column":2},"end":{"line":169,"column":34}},"71":{"start":{"line":170,"column":2},"end":{"line":170,"column":16}},"72":{"start":{"line":171,"column":2},"end":{"line":174,"column":3}},"73":{"start":{"line":172,"column":4},"end":{"line":172,"column":15}},"74":{"start":{"line":173,"column":4},"end":{"line":173,"column":15}},"75":{"start":{"line":175,"column":2},"end":{"line":189,"column":3}},"76":{"start":{"line":176,"column":4},"end":{"line":188,"column":15}},"77":{"start":{"line":177,"column":6},"end":{"line":177,"column":22}},"78":{"start":{"line":178,"column":6},"end":{"line":178,"column":42}},"79":{"start":{"line":179,"column":6},"end":{"line":179,"column":42}},"80":{"start":{"line":180,"column":6},"end":{"line":180,"column":32}},"81":{"start":{"line":182,"column":6},"end":{"line":186,"column":7}},"82":{"start":{"line":183,"column":8},"end":{"line":183,"column":42}},"83":{"start":{"line":185,"column":8},"end":{"line":185,"column":33}},"84":{"start":{"line":187,"column":6},"end":{"line":187,"column":14}},"85":{"start":{"line":191,"column":2},"end":{"line":191,"column":15}},"86":{"start":{"line":193,"column":2},"end":{"line":195,"column":4}},"87":{"start":{"line":194,"column":4},"end":{"line":194,"column":30}},"88":{"start":{"line":196,"column":2},"end":{"line":196,"column":68}},"89":{"start":{"line":197,"column":2},"end":{"line":197,"column":26}},"90":{"start":{"line":206,"column":0},"end":{"line":220,"column":1}},"91":{"start":{"line":207,"column":2},"end":{"line":209,"column":3}},"92":{"start":{"line":208,"column":4},"end":{"line":208,"column":33}},"93":{"start":{"line":211,"column":2},"end":{"line":218,"column":19}},"94":{"start":{"line":219,"column":2},"end":{"line":219,"column":38}},"95":{"start":{"line":221,"column":0},"end":{"line":221,"column":37}},"96":{"start":{"line":227,"column":0},"end":{"line":243,"column":1}},"97":{"start":{"line":228,"column":2},"end":{"line":228,"column":32}},"98":{"start":{"line":229,"column":2},"end":{"line":229,"column":69}},"99":{"start":{"line":230,"column":2},"end":{"line":230,"column":69}},"100":{"start":{"line":231,"column":2},"end":{"line":231,"column":21}},"101":{"start":{"line":232,"column":2},"end":{"line":232,"column":28}},"102":{"start":{"line":234,"column":2},"end":{"line":236,"column":3}},"103":{"start":{"line":235,"column":4},"end":{"line":235,"column":11}},"104":{"start":{"line":238,"column":2},"end":{"line":241,"column":13}},"105":{"start":{"line":239,"column":4},"end":{"line":239,"column":49}},"106":{"start":{"line":240,"column":4},"end":{"line":240,"column":23}},"107":{"start":{"line":242,"column":2},"end":{"line":242,"column":26}},"108":{"start":{"line":251,"column":0},"end":{"line":261,"column":1}},"109":{"start":{"line":252,"column":2},"end":{"line":254,"column":3}},"110":{"start":{"line":253,"column":4},"end":{"line":253,"column":27}},"111":{"start":{"line":256,"column":2},"end":{"line":256,"column":30}},"112":{"start":{"line":258,"column":2},"end":{"line":258,"column":48}},"113":{"start":{"line":260,"column":2},"end":{"line":260,"column":16}},"114":{"start":{"line":262,"column":0},"end":{"line":262,"column":41}},"115":{"start":{"line":268,"column":0},"end":{"line":277,"column":1}},"116":{"start":{"line":269,"column":2},"end":{"line":269,"column":28}},"117":{"start":{"line":270,"column":2},"end":{"line":270,"column":21}},"118":{"start":{"line":271,"column":2},"end":{"line":271,"column":35}},"119":{"start":{"line":272,"column":2},"end":{"line":274,"column":3}},"120":{"start":{"line":273,"column":4},"end":{"line":273,"column":28}},"121":{"start":{"line":275,"column":2},"end":{"line":275,"column":39}},"122":{"start":{"line":276,"column":2},"end":{"line":276,"column":25}},"123":{"start":{"line":279,"column":0},"end":{"line":281,"column":1}},"124":{"start":{"line":280,"column":2},"end":{"line":280,"column":14}}},"branchMap":{"1":{"line":20,"type":"if","locations":[{"start":{"line":20,"column":2},"end":{"line":20,"column":2}},{"start":{"line":20,"column":2},"end":{"line":20,"column":2}}]},"2":{"line":25,"type":"binary-expr","locations":[{"start":{"line":25,"column":5},"end":{"line":25,"column":12}},{"start":{"line":25,"column":16},"end":{"line":25,"column":18}}]},"3":{"line":52,"type":"if","locations":[{"start":{"line":52,"column":2},"end":{"line":52,"column":2}},{"start":{"line":52,"column":2},"end":{"line":52,"column":2}}]},"4":{"line":65,"type":"binary-expr","locations":[{"start":{"line":65,"column":9},"end":{"line":65,"column":13}},{"start":{"line":65,"column":17},"end":{"line":70,"column":3}}]},"5":{"line":72,"type":"binary-expr","locations":[{"start":{"line":72,"column":15},"end":{"line":72,"column":34}},{"start":{"line":72,"column":38},"end":{"line":72,"column":40}}]},"6":{"line":73,"type":"binary-expr","locations":[{"start":{"line":73,"column":16},"end":{"line":73,"column":36}},{"start":{"line":73,"column":40},"end":{"line":73,"column":42}}]},"7":{"line":77,"type":"if","locations":[{"start":{"line":77,"column":2},"end":{"line":77,"column":2}},{"start":{"line":77,"column":2},"end":{"line":77,"column":2}}]},"8":{"line":83,"type":"if","locations":[{"start":{"line":83,"column":2},"end":{"line":83,"column":2}},{"start":{"line":83,"column":2},"end":{"line":83,"column":2}}]},"9":{"line":93,"type":"if","locations":[{"start":{"line":93,"column":6},"end":{"line":93,"column":6}},{"start":{"line":93,"column":6},"end":{"line":93,"column":6}}]},"10":{"line":101,"type":"cond-expr","locations":[{"start":{"line":101,"column":51},"end":{"line":101,"column":52}},{"start":{"line":101,"column":55},"end":{"line":101,"column":90}}]},"11":{"line":102,"type":"cond-expr","locations":[{"start":{"line":102,"column":53},"end":{"line":102,"column":54}},{"start":{"line":102,"column":57},"end":{"line":102,"column":91}}]},"12":{"line":104,"type":"if","locations":[{"start":{"line":104,"column":6},"end":{"line":104,"column":6}},{"start":{"line":104,"column":6},"end":{"line":104,"column":6}}]},"13":{"line":112,"type":"binary-expr","locations":[{"start":{"line":112,"column":62},"end":{"line":112,"column":73}},{"start":{"line":112,"column":77},"end":{"line":112,"column":79}}]},"14":{"line":130,"type":"if","locations":[{"start":{"line":130,"column":2},"end":{"line":130,"column":2}},{"start":{"line":130,"column":2},"end":{"line":130,"column":2}}]},"15":{"line":134,"type":"binary-expr","locations":[{"start":{"line":134,"column":17},"end":{"line":134,"column":24}},{"start":{"line":134,"column":28},"end":{"line":134,"column":30}}]},"16":{"line":139,"type":"binary-expr","locations":[{"start":{"line":139,"column":40},"end":{"line":139,"column":57}},{"start":{"line":139,"column":61},"end":{"line":139,"column":63}}]},"17":{"line":171,"type":"if","locations":[{"start":{"line":171,"column":2},"end":{"line":171,"column":2}},{"start":{"line":171,"column":2},"end":{"line":171,"column":2}}]},"18":{"line":179,"type":"cond-expr","locations":[{"start":{"line":179,"column":24},"end":{"line":179,"column":30}},{"start":{"line":179,"column":33},"end":{"line":179,"column":42}}]},"19":{"line":182,"type":"if","locations":[{"start":{"line":182,"column":6},"end":{"line":182,"column":6}},{"start":{"line":182,"column":6},"end":{"line":182,"column":6}}]},"20":{"line":207,"type":"if","locations":[{"start":{"line":207,"column":2},"end":{"line":207,"column":2}},{"start":{"line":207,"column":2},"end":{"line":207,"column":2}}]},"21":{"line":218,"type":"binary-expr","locations":[{"start":{"line":218,"column":5},"end":{"line":218,"column":12}},{"start":{"line":218,"column":16},"end":{"line":218,"column":18}}]},"22":{"line":229,"type":"cond-expr","locations":[{"start":{"line":229,"column":37},"end":{"line":229,"column":63}},{"start":{"line":229,"column":66},"end":{"line":229,"column":69}}]},"23":{"line":230,"type":"cond-expr","locations":[{"start":{"line":230,"column":37},"end":{"line":230,"column":63}},{"start":{"line":230,"column":66},"end":{"line":230,"column":69}}]},"24":{"line":234,"type":"if","locations":[{"start":{"line":234,"column":2},"end":{"line":234,"column":2}},{"start":{"line":234,"column":2},"end":{"line":234,"column":2}}]},"25":{"line":252,"type":"if","locations":[{"start":{"line":252,"column":2},"end":{"line":252,"column":2}},{"start":{"line":252,"column":2},"end":{"line":252,"column":2}}]},"26":{"line":256,"type":"binary-expr","locations":[{"start":{"line":256,"column":17},"end":{"line":256,"column":24}},{"start":{"line":256,"column":28},"end":{"line":256,"column":30}}]},"27":{"line":269,"type":"binary-expr","locations":[{"start":{"line":269,"column":9},"end":{"line":269,"column":13}},{"start":{"line":269,"column":17},"end":{"line":269,"column":28}}]},"28":{"line":272,"type":"if","locations":[{"start":{"line":272,"column":2},"end":{"line":272,"column":2}},{"start":{"line":272,"column":2},"end":{"line":272,"column":2}}]}},"code":["// Inspired by the blessed-contrib, but more powerful and free.","// (c) Tjatse","","var blessed = require('blessed')","var util = require('util')","var re_stripANSI = /(?:(?:\\u001b\\[)|\\u009b)(?:(?:[0-9]{1,3})?(?:(?:;[0-9]{0,3})*)?[A-M|f-m])|\\u001b[A-M]/g","","exports.Grid = Grid","exports.Table = Table","exports.Sparkline = Sparkline","exports.Log = Log","","/**"," * Grid cells."," * @param {Object} options"," * @returns {Grid}"," * @constructor"," */","function Grid (options) {","  if (!(this instanceof Grid)) {","    return new Grid(options)","  }","  options = util._extend({","    margin: 2","  }, options || {})","","  this.grids = []","","  for (var r = 0; r < options.rows; r++) {","    this.grids[r] = []","    for (var c = 0; c < options.cols; c++) {","      this.grids[r][c] = {}","    }","  }","","  this.options = options","}","/**"," * Get instance in the specific row and column."," * @param {Number} row"," * @param {Number} col"," * @returns {*}"," */","Grid.prototype.get = function (row, col) {","  return this.grids[row][col].instance","}","/**"," * Set element in the cell."," * @param ele"," */","Grid.prototype.set = function (ele) {","  if (Array.isArray(ele)) {","    for (var i = 0; i < ele.length; i++) {","      this.set(ele[i])","    }","    return","  }","  this.grids[ele.row][ele.col] = util._extend({rowSpan: 1, colSpan: 1}, ele)","}","/**"," * Draw grid."," * @param {blessed.screen} screen"," */","Grid.prototype.draw = function (screen, rect) {","  rect = rect || {","    width: 100,","    height: 100,","    top: 0,","    left: 0","  }","  var margin = this.options.margin","  var widths = this.options.widths || []","  var heights = this.options.heights || []","  var cols = this.options.cols","  var rows = this.options.rows","","  if (widths.length !== cols) {","    var avg = (rect.width - margin) / cols","    for (var c = 0; c < cols; c++) {","      widths.push(avg)","    }","  }","  if (heights.length !== rows) {","    var avg = (rect.height - margin) / rows // eslint-disable-line no-redeclare","    for (var r = 0; r < rows; r++) {","      heights.push(avg)","    }","  }","","  for (var r = 0; r < rows; r++) { // eslint-disable-line no-redeclare","    for (var c = 0; c < cols; c++) { // eslint-disable-line no-redeclare","      var ele = this.grids[r][c]","      if (!ele.element) {","        continue","      }","","      var factorWidth = (rect.width - margin) / 100","      var factorHeight = (rect.height - margin) / 100","      var width = widths.slice(c, c + ele.colSpan).reduce(_reduce) * factorWidth","      var height = heights.slice(r, r + ele.rowSpan).reduce(_reduce) * factorHeight","      var top = rect.top + margin / 2 + (r === 0 ? 0 : heights.slice(0, r).reduce(_reduce)) * factorHeight","      var left = rect.left + margin / 2 + (c === 0 ? 0 : widths.slice(0, c).reduce(_reduce)) * factorWidth","","      if (ele.element instanceof Grid) {","        ele.element.draw(screen, {","          width: width,","          height: height,","          top: top,","          left: left","        })","      } else {","        screen.append(ele.instance = ele.element(util._extend(ele.options || {}, {","          top: top + '%',","          left: left + '%',","          width: width + '%',","          height: height + '%'","        })))","      }","    }","  }","}","","/**"," * Table list."," * @param {Object} options"," * @returns {Table}"," * @constructor"," */","function Table (options) {","  if (!(this instanceof Table)) {","    return new Table(options)","  }","","  this.options = options || {}","  this.options.tags = true","","  blessed.Box.call(this, this.options)","","  this.rows = blessed.list(util._extend(this.options.rows || {}, {","    height: 0,","    top: 1,","    width: 0,","    left: 0,","    selectedFg: '#fcfbac',","    selectedBg: '#398cc6',","    fg: '#333',","    keys: true","  }))","  this.append(this.rows)","}","","util.inherits(Table, blessed.Box)","","/**"," * Inherits from blessed.Box"," */","Table.prototype.render = function () {","  this.rows.focus()","  this.rows.width = this.width - 2","  this.rows.height = this.height - 4","  blessed.Box.prototype.render.call(this, this.options)","}","","/**"," * Bind data to Table."," * @param {Object} data"," */","Table.prototype.setData = function (data) {","  var widths = this.options.widths","  var def = true","  if (!widths) {","    widths = 24","    def = false","  }","  var dataToString = function (d) {","    return d.map(function (s, i) {","      s = s.toString()","      var s1 = s.replace(re_stripANSI, '')","      var size = !def ? widths : widths[i]","      var len = size - s1.length","","      if (len < 0) {","        s = s1.substr(0, size - 1) + '...'","      } else {","        s += Array(len).join(' ')","      }","      return s","    }).join('')","  }","","  var rows = []","","  data.rows.forEach(function (d) {","    rows.push(dataToString(d))","  })","  this.setContent('{bold}' + dataToString(data.headers) + '{/bold}')","  this.rows.setItems(rows)","}","","/**"," * Sparkline."," * @param {Object} options"," * @returns {Sparkline}"," * @constructor"," */","function Sparkline (options) {","  if (!(this instanceof Sparkline)) {","    return new Sparkline(options)","  }","","  this.options = util._extend({","    chars: ['▂', '▃', '▄', '▅', '▆', '▇', '█'],","    tags: true,","    padding: {","      left: 1,","      top: 1","    }","  }, options || {})","  blessed.Box.call(this, this.options)","}","util.inherits(Sparkline, blessed.Box)","","/**"," * Set data."," * @param {Array} data"," */","Sparkline.prototype.setData = function (data, min, max) {","  var chars = this.options.chars","  max = typeof max === 'undefined' ? Math.max.apply(null, data) : max","  min = typeof min === 'undefined' ? Math.min.apply(null, data) : min","  var dis = max - min","  var len = chars.length - 1","","  if (dis === 0) {","    dis = 1","  }","","  var content = data.map(function (n) {","    var index = Math.round((n - min) / dis * len)","    return chars[index]","  }).join('')","  this.setContent(content)","}","","/**"," * Log."," * @param {Object} options"," * @returns {Log}"," * @constructor"," */","function Log (options) {","  if (!(this instanceof Log)) {","    return new Log(options)","  }","","  this.options = options || {}","","  blessed.ScrollableBox.call(this, this.options)","","  this.logs = []","}","util.inherits(Log, blessed.ScrollableBox)","","/**"," * Log logs."," * @param {String} str"," */","Log.prototype.log = function (str, size) {","  size = size || this.height","  this.logs.push(str)","  var len = this.logs.length - size","  if (len > 0) {","    this.logs.splice(0, len)","  }","  this.setContent(this.logs.join('\\n'))","  this.setScrollPerc(100)","}","","function _reduce (x, y) {","  return x + y","}",""],"l":{"4":1,"5":1,"6":1,"8":1,"9":1,"10":1,"11":1,"19":1,"20":0,"21":0,"23":0,"27":0,"29":0,"30":0,"31":0,"32":0,"36":0,"44":1,"45":0,"51":1,"52":0,"53":0,"54":0,"56":0,"58":0,"64":1,"65":0,"71":0,"72":0,"73":0,"74":0,"75":0,"77":0,"78":0,"79":0,"80":0,"83":0,"84":0,"85":0,"86":0,"90":0,"91":0,"92":0,"93":0,"94":0,"97":0,"98":0,"99":0,"100":0,"101":0,"102":0,"104":0,"105":0,"112":0,"129":1,"130":0,"131":0,"134":0,"135":0,"137":0,"139":0,"149":0,"152":1,"157":1,"158":0,"159":0,"160":0,"161":0,"168":1,"169":0,"170":0,"171":0,"172":0,"173":0,"175":0,"176":0,"177":0,"178":0,"179":0,"180":0,"182":0,"183":0,"185":0,"187":0,"191":0,"193":0,"194":0,"196":0,"197":0,"206":1,"207":0,"208":0,"211":0,"219":0,"221":1,"227":1,"228":0,"229":0,"230":0,"231":0,"232":0,"234":0,"235":0,"238":0,"239":0,"240":0,"242":0,"251":1,"252":0,"253":0,"256":0,"258":0,"260":0,"262":1,"268":1,"269":0,"270":0,"271":0,"272":0,"273":0,"275":0,"276":0,"279":1,"280":0}}}